Jun 19, 2015 8:24:12 AM org.apache.catalina.core.AprLifecycleListener init
INFO: The APR based Apache Tomcat Native library which allows optimal performance in production environments was not found on the java.library.path: C:\Program Files\Java\jdk1.8.0_45\bin;C:\Windows\Sun\Java\bin;C:\Windows\system32;C:\Windows;C:\ProgramData\Oracle\Java\javapath;c:\Program Files (x86)\Intel\iCLS Client\;c:\Program Files\Intel\iCLS Client\;C:\Windows\system32;C:\Windows;C:\Windows\System32\Wbem;C:\Windows\System32\WindowsPowerShell\v1.0\;C:\Program Files\Intel\Intel(R) Management Engine Components\DAL;C:\Program Files\Intel\Intel(R) Management Engine Components\IPT;C:\Program Files (x86)\Intel\Intel(R) Management Engine Components\DAL;C:\Program Files (x86)\Intel\Intel(R) Management Engine Components\IPT;C:\Program Files\Intel\WiFi\bin\;C:\Program Files\Common Files\Intel\WirelessCommon\;C:\Windows\system32\config\systemprofile\.dnx\bin;C:\Program Files\Microsoft DNX\Dnvm\;C:\Program Files\Microsoft SQL Server\120\Tools\Binn\;C:\Program Files\Microsoft SQL Server\Client SDK\ODBC\110\Tools\Binn\;C:\Program Files (x86)\Microsoft SQL Server\120\Tools\Binn\;C:\Program Files\Microsoft SQL Server\120\DTS\Binn\;C:\Program Files (x86)\Microsoft SQL Server\120\Tools\Binn\ManagementStudio\;C:\Program Files (x86)\Microsoft SQL Server\120\DTS\Binn\;C:\Program Files (x86)\Windows Kits\8.1\Windows Performance Toolkit\;C:\Program Files\Microsoft SQL Server\110\Tools\Binn\;C:\Program Files (x86)\Microsoft SDKs\TypeScript\1.0\;C:\Program Files (x86)\MySQL\MySQL Fabric 1.5.4 & MySQL Utilities 1.5.4 1.5\;C:\Program Files (x86)\MySQL\MySQL Fabric 1.5.4 & MySQL Utilities 1.5.4 1.5\Doctrine extensions for PHP\;.
Jun 19, 2015 8:24:13 AM org.apache.coyote.AbstractProtocol init
INFO: Initializing ProtocolHandler ["http-bio-8082"]
Jun 19, 2015 8:24:13 AM org.apache.coyote.AbstractProtocol init
INFO: Initializing ProtocolHandler ["ajp-bio-8009"]
Jun 19, 2015 8:24:14 AM org.apache.openejb.util.OptionsLog info
INFO: Using 'openejb.jdbc.datasource-creator=org.apache.tomee.jdbc.TomEEDataSourceCreator'
Jun 19, 2015 8:24:15 AM org.apache.openejb.OpenEJB$Instance <init>
INFO: ********************************************************************************
Jun 19, 2015 8:24:15 AM org.apache.openejb.OpenEJB$Instance <init>
INFO: OpenEJB http://openejb.apache.org/
Jun 19, 2015 8:24:15 AM org.apache.openejb.OpenEJB$Instance <init>
INFO: Startup: Fri Jun 19 08:24:15 BST 2015
Jun 19, 2015 8:24:15 AM org.apache.openejb.OpenEJB$Instance <init>
INFO: Copyright 1999-2013 (C) Apache OpenEJB Project, All Rights Reserved.
Jun 19, 2015 8:24:15 AM org.apache.openejb.OpenEJB$Instance <init>
INFO: Version: 4.7.1
Jun 19, 2015 8:24:15 AM org.apache.openejb.OpenEJB$Instance <init>
INFO: Build date: 20140912
Jun 19, 2015 8:24:15 AM org.apache.openejb.OpenEJB$Instance <init>
INFO: Build time: 01:43
Jun 19, 2015 8:24:15 AM org.apache.openejb.OpenEJB$Instance <init>
INFO: ********************************************************************************
Jun 19, 2015 8:24:15 AM org.apache.openejb.OpenEJB$Instance <init>
INFO: openejb.home = C:\Users\wilson.li\Desktop\apache-tomee-plus-1.7.1
Jun 19, 2015 8:24:15 AM org.apache.openejb.OpenEJB$Instance <init>
INFO: openejb.base = C:\Users\wilson.li\Desktop\apache-tomee-plus-1.7.1
Jun 19, 2015 8:24:15 AM org.apache.openejb.cdi.CdiBuilder initializeOWB
INFO: Created new singletonService org.apache.openejb.cdi.ThreadSingletonServiceImpl@3c0a50da
Jun 19, 2015 8:24:15 AM org.apache.openejb.cdi.CdiBuilder initializeOWB
INFO: Succeeded in installing singleton service
Jun 19, 2015 8:24:15 AM org.apache.openejb.config.ConfigurationFactory init
INFO: openejb configuration file is 'C:\Users\wilson.li\Desktop\apache-tomee-plus-1.7.1\conf\tomee.xml'
Jun 19, 2015 8:24:15 AM org.apache.openejb.config.ConfigurationFactory configureService
INFO: Configuring Service(id=Tomcat Security Service, type=SecurityService, provider-id=Tomcat Security Service)
Jun 19, 2015 8:24:15 AM org.apache.openejb.config.ConfigurationFactory configureService
INFO: Configuring Service(id=Default Transaction Manager, type=TransactionManager, provider-id=Default Transaction Manager)
Jun 19, 2015 8:24:15 AM org.apache.openejb.util.OptionsLog info
INFO: Using 'openejb.system.apps=true'
Jun 19, 2015 8:24:15 AM org.apache.openejb.config.ConfigurationFactory configureApplication
INFO: Configuring enterprise application: openejb
Jun 19, 2015 8:24:16 AM org.apache.openejb.config.InitEjbDeployments deploy
INFO: Using openejb.deploymentId.format '{ejbName}'
Jun 19, 2015 8:24:16 AM org.apache.openejb.config.InitEjbDeployments deploy
INFO: Auto-deploying ejb openejb/Deployer: EjbDeployment(deployment-id=openejb/Deployer)
Jun 19, 2015 8:24:16 AM org.apache.openejb.config.InitEjbDeployments deploy
INFO: Auto-deploying ejb openejb/ConfigurationInfo: EjbDeployment(deployment-id=openejb/ConfigurationInfo)
Jun 19, 2015 8:24:16 AM org.apache.openejb.config.InitEjbDeployments deploy
INFO: Auto-deploying ejb MEJB: EjbDeployment(deployment-id=MEJB)
Jun 19, 2015 8:24:16 AM org.apache.openejb.config.ConfigurationFactory configureService
INFO: Configuring Service(id=Default Stateless Container, type=Container, provider-id=Default Stateless Container)
Jun 19, 2015 8:24:16 AM org.apache.openejb.config.AutoConfig createContainer
INFO: Auto-creating a container for bean openejb/Deployer: Container(type=STATELESS, id=Default Stateless Container)
Jun 19, 2015 8:24:16 AM org.apache.openejb.config.AppInfoBuilder build
INFO: Enterprise application "openejb" loaded.
Jun 19, 2015 8:24:16 AM org.apache.openejb.assembler.classic.Assembler createRecipe
INFO: Creating TransactionManager(id=Default Transaction Manager)
Jun 19, 2015 8:24:16 AM org.apache.openejb.assembler.classic.Assembler createRecipe
INFO: Creating SecurityService(id=Tomcat Security Service)
Jun 19, 2015 8:24:16 AM org.apache.openejb.assembler.classic.Assembler createRecipe
INFO: Creating Container(id=Default Stateless Container)
Jun 19, 2015 8:24:16 AM org.apache.openejb.assembler.classic.Assembler createApplication
INFO: Assembling app: openejb
Jun 19, 2015 8:24:16 AM org.apache.openejb.util.OptionsLog info
INFO: Using 'openejb.jndiname.format={deploymentId}{interfaceType.openejbLegacyName}'
Jun 19, 2015 8:24:16 AM org.apache.openejb.assembler.classic.JndiBuilder bind
INFO: Jndi(name=openejb/DeployerBusinessRemote) --> Ejb(deployment-id=openejb/Deployer)
Jun 19, 2015 8:24:16 AM org.apache.openejb.assembler.classic.JndiBuilder bind
INFO: Jndi(name=global/openejb/openejb/Deployer!org.apache.openejb.assembler.Deployer) --> Ejb(deployment-id=openejb/Deployer)
Jun 19, 2015 8:24:16 AM org.apache.openejb.assembler.classic.JndiBuilder bind
INFO: Jndi(name=global/openejb/openejb/Deployer) --> Ejb(deployment-id=openejb/Deployer)
Jun 19, 2015 8:24:16 AM org.apache.openejb.assembler.classic.JndiBuilder bind
INFO: Jndi(name=openejb/ConfigurationInfoBusinessRemote) --> Ejb(deployment-id=openejb/ConfigurationInfo)
Jun 19, 2015 8:24:16 AM org.apache.openejb.assembler.classic.JndiBuilder bind
INFO: Jndi(name=global/openejb/openejb/ConfigurationInfo!org.apache.openejb.assembler.classic.cmd.ConfigurationInfo) --> Ejb(deployment-id=openejb/ConfigurationInfo)
Jun 19, 2015 8:24:16 AM org.apache.openejb.assembler.classic.JndiBuilder bind
INFO: Jndi(name=global/openejb/openejb/ConfigurationInfo) --> Ejb(deployment-id=openejb/ConfigurationInfo)
Jun 19, 2015 8:24:16 AM org.apache.openejb.assembler.classic.JndiBuilder bind
INFO: Jndi(name=MEJB) --> Ejb(deployment-id=MEJB)
Jun 19, 2015 8:24:16 AM org.apache.openejb.assembler.classic.JndiBuilder bind
INFO: Jndi(name=global/openejb/MEJB!javax.management.j2ee.ManagementHome) --> Ejb(deployment-id=MEJB)
Jun 19, 2015 8:24:16 AM org.apache.openejb.assembler.classic.JndiBuilder bind
INFO: Jndi(name=global/openejb/MEJB) --> Ejb(deployment-id=MEJB)
Jun 19, 2015 8:24:16 AM org.apache.openejb.assembler.classic.Assembler startEjbs
INFO: Created Ejb(deployment-id=MEJB, ejb-name=MEJB, container=Default Stateless Container)
Jun 19, 2015 8:24:16 AM org.apache.openejb.assembler.classic.Assembler startEjbs
INFO: Created Ejb(deployment-id=openejb/ConfigurationInfo, ejb-name=openejb/ConfigurationInfo, container=Default Stateless Container)
Jun 19, 2015 8:24:16 AM org.apache.openejb.assembler.classic.Assembler startEjbs
INFO: Created Ejb(deployment-id=openejb/Deployer, ejb-name=openejb/Deployer, container=Default Stateless Container)
Jun 19, 2015 8:24:16 AM org.apache.openejb.assembler.classic.Assembler startEjbs
INFO: Started Ejb(deployment-id=MEJB, ejb-name=MEJB, container=Default Stateless Container)
Jun 19, 2015 8:24:16 AM org.apache.openejb.assembler.classic.Assembler startEjbs
INFO: Started Ejb(deployment-id=openejb/ConfigurationInfo, ejb-name=openejb/ConfigurationInfo, container=Default Stateless Container)
Jun 19, 2015 8:24:16 AM org.apache.openejb.assembler.classic.Assembler startEjbs
INFO: Started Ejb(deployment-id=openejb/Deployer, ejb-name=openejb/Deployer, container=Default Stateless Container)
Jun 19, 2015 8:24:16 AM org.apache.openejb.assembler.classic.Assembler deployMBean
INFO: Deployed MBean(openejb.user.mbeans:application=openejb,group=org.apache.openejb.assembler.monitoring,name=JMXDeployer)
Jun 19, 2015 8:24:16 AM org.apache.openejb.assembler.classic.Assembler createApplication
INFO: Deployed Application(path=openejb)
Jun 19, 2015 8:24:16 AM org.apache.openejb.server.ServiceManager initServer
INFO: Creating ServerService(id=cxf)
Jun 19, 2015 8:24:17 AM org.apache.openejb.server.ServiceManager initServer
INFO: Creating ServerService(id=cxf-rs)
Jun 19, 2015 8:24:17 AM org.apache.openejb.server.SimpleServiceManager start
INFO:   ** Bound Services **
Jun 19, 2015 8:24:17 AM org.apache.openejb.server.SimpleServiceManager printRow
INFO:   NAME                 IP              PORT  
Jun 19, 2015 8:24:17 AM org.apache.openejb.server.SimpleServiceManager start
INFO: -------
Jun 19, 2015 8:24:17 AM org.apache.openejb.server.SimpleServiceManager start
INFO: Ready!
Jun 19, 2015 8:24:17 AM org.apache.catalina.startup.Catalina load
INFO: Initialization processed in 4849 ms
Jun 19, 2015 8:24:17 AM org.apache.tomee.catalina.OpenEJBNamingContextListener bindResource
INFO: Importing a Tomcat Resource with id 'UserDatabase' of type 'org.apache.catalina.UserDatabase'.
Jun 19, 2015 8:24:17 AM org.apache.openejb.assembler.classic.Assembler createRecipe
INFO: Creating Resource(id=UserDatabase)
Jun 19, 2015 8:24:17 AM org.apache.catalina.core.StandardService startInternal
INFO: Starting service Catalina
Jun 19, 2015 8:24:17 AM org.apache.catalina.core.StandardEngine startInternal
INFO: Starting Servlet Engine: Apache Tomcat (TomEE)/7.0.55 (1.7.1)
Jun 19, 2015 8:24:17 AM org.apache.catalina.startup.HostConfig deployDescriptor
INFO: Deploying configuration descriptor C:\Users\wilson.li\Desktop\apache-tomee-plus-1.7.1\conf\Catalina\localhost\WebPractice.xml
Jun 19, 2015 8:24:17 AM org.apache.tomee.catalina.TomcatWebAppBuilder init
INFO: ------------------------- localhost -> /WebPractice
Jun 19, 2015 8:24:17 AM org.apache.tomee.catalina.TomEEClassLoaderEnricher validateJarFile
WARNING: jar 'C:\Users\wilson.li\Documents\NetBeansProjects\WebPractice\build\web\WEB-INF\lib\jboss-transaction-api_1.2_spec-1.0.0.Final.jar' contains offending class: javax.transaction.Transaction. It will be ignored.
Jun 19, 2015 8:24:18 AM org.apache.openejb.config.ConfigurationFactory configureApplication
INFO: Configuring enterprise application: C:\Users\wilson.li\Documents\NetBeansProjects\WebPractice\build\web
Jun 19, 2015 8:24:18 AM org.apache.openejb.config.AppInfoBuilder build
INFO: Enterprise application "C:\Users\wilson.li\Documents\NetBeansProjects\WebPractice\build\web" loaded.
Jun 19, 2015 8:24:18 AM org.apache.openejb.assembler.classic.Assembler createApplication
INFO: Assembling app: C:\Users\wilson.li\Documents\NetBeansProjects\WebPractice\build\web
Jun 19, 2015 8:24:18 AM org.apache.openejb.cdi.CdiBuilder initSingleton
INFO: Existing thread singleton service in SystemInstance(): org.apache.openejb.cdi.ThreadSingletonServiceImpl@3c0a50da
Jun 19, 2015 8:24:18 AM org.apache.openejb.cdi.OpenEJBLifecycle startApplication
INFO: OpenWebBeans Container is starting...
Jun 19, 2015 8:24:18 AM org.apache.webbeans.plugins.PluginLoader startUp
INFO: Adding OpenWebBeansPlugin : [CdiPlugin]
Jun 19, 2015 8:24:18 AM org.apache.webbeans.plugins.PluginLoader startUp
INFO: Adding OpenWebBeansPlugin : [OpenWebBeansJsfPlugin]
Jun 19, 2015 8:24:19 AM org.apache.webbeans.config.BeansDeployer validateInjectionPoints
INFO: All injection points were validated successfully.
Jun 19, 2015 8:24:19 AM org.apache.openejb.cdi.OpenEJBLifecycle startApplication
INFO: OpenWebBeans Container has started, it took 305 ms.
Jun 19, 2015 8:24:19 AM org.apache.tomee.catalina.TomcatWebAppBuilder deployWebApps
INFO: using context file C:\Users\wilson.li\Documents\NetBeansProjects\WebPractice\build\web\META-INF\context.xml
Jun 19, 2015 8:24:19 AM org.apache.openejb.assembler.classic.Assembler createApplication
INFO: Deployed Application(path=C:\Users\wilson.li\Documents\NetBeansProjects\WebPractice\build\web)
Jun 19, 2015 8:24:19 AM org.apache.myfaces.config.DefaultFacesConfigurationProvider getStandardFacesConfig
INFO: Reading standard config META-INF/standard-faces-config.xml
Jun 19, 2015 8:24:21 AM org.apache.myfaces.config.DefaultFacesConfigurationProvider getClassloaderFacesConfig
INFO: Reading config : jar:file:/C:/Users/wilson.li/Desktop/apache-tomee-plus-1.7.1/lib/openwebbeans-el22-1.2.6.jar!/META-INF/faces-config.xml
Jun 19, 2015 8:24:21 AM org.apache.myfaces.config.DefaultFacesConfigurationProvider getClassloaderFacesConfig
INFO: Reading config : jar:file:/C:/Users/wilson.li/Desktop/apache-tomee-plus-1.7.1/lib/openwebbeans-jsf-1.2.6.jar!/META-INF/faces-config.xml
Jun 19, 2015 8:24:21 AM org.apache.myfaces.config.LogMetaInfUtils logArtifact
INFO: Artifact 'myfaces-api' was found in version '2.1.15' from path 'file:/C:/Users/wilson.li/Desktop/apache-tomee-plus-1.7.1/lib/myfaces-api-2.1.15.jar'
Jun 19, 2015 8:24:21 AM org.apache.myfaces.config.LogMetaInfUtils logArtifact
INFO: Artifact 'myfaces-impl' was found in version '2.1.15' from path 'file:/C:/Users/wilson.li/Desktop/apache-tomee-plus-1.7.1/lib/myfaces-impl-2.1.15.jar'
Jun 19, 2015 8:24:21 AM org.apache.myfaces.util.ExternalSpecifications isBeanValidationAvailable
INFO: MyFaces Bean Validation support enabled
Jun 19, 2015 8:24:21 AM org.apache.myfaces.config.FacesConfigurator handleSerialFactory
INFO: Serialization provider : class org.apache.myfaces.shared_impl.util.serial.DefaultSerialFactory
Jun 19, 2015 8:24:21 AM org.apache.myfaces.config.annotation.DefaultLifecycleProviderFactory getLifecycleProvider
INFO: Using LifecycleProvider org.apache.myfaces.config.annotation.Tomcat7AnnotationLifecycleProvider
Jun 19, 2015 8:24:21 AM org.apache.myfaces.webapp.AbstractFacesInitializer initFaces
INFO: ServletContext initialized.
Jun 19, 2015 8:24:21 AM org.apache.myfaces.util.ExternalSpecifications isUnifiedELAvailable
INFO: MyFaces Unified EL support enabled
Jun 19, 2015 8:24:21 AM org.apache.myfaces.webapp.AbstractFacesInitializer initFaces
WARNING: 

*******************************************************************
*** WARNING: Apache MyFaces-2 is running in DEVELOPMENT mode.   ***
***                                         ^^^^^^^^^^^         ***
*** Do NOT deploy to your live server(s) without changing this. ***
*** See Application#getProjectStage() for more information.     ***
*******************************************************************

Jun 19, 2015 8:24:21 AM org.apache.catalina.startup.HostConfig deployDescriptor
INFO: Deployment of configuration descriptor C:\Users\wilson.li\Desktop\apache-tomee-plus-1.7.1\conf\Catalina\localhost\WebPractice.xml has finished in 4,584 ms
Jun 19, 2015 8:24:21 AM org.apache.catalina.startup.HostConfig deployDirectory
INFO: Deploying web application directory C:\Users\wilson.li\Desktop\apache-tomee-plus-1.7.1\webapps\docs
Jun 19, 2015 8:24:21 AM org.apache.tomee.catalina.TomcatWebAppBuilder init
INFO: ------------------------- localhost -> /docs
Jun 19, 2015 8:24:22 AM org.apache.openejb.config.ConfigurationFactory configureApplication
INFO: Configuring enterprise application: C:\Users\wilson.li\Desktop\apache-tomee-plus-1.7.1\webapps\docs
Jun 19, 2015 8:24:22 AM org.apache.openejb.config.AppInfoBuilder build
INFO: Enterprise application "C:\Users\wilson.li\Desktop\apache-tomee-plus-1.7.1\webapps\docs" loaded.
Jun 19, 2015 8:24:22 AM org.apache.openejb.assembler.classic.Assembler createApplication
INFO: Assembling app: C:\Users\wilson.li\Desktop\apache-tomee-plus-1.7.1\webapps\docs
Jun 19, 2015 8:24:22 AM org.apache.openejb.cdi.CdiBuilder initSingleton
INFO: Existing thread singleton service in SystemInstance(): org.apache.openejb.cdi.ThreadSingletonServiceImpl@3c0a50da
Jun 19, 2015 8:24:22 AM org.apache.openejb.cdi.OpenEJBLifecycle startApplication
INFO: OpenWebBeans Container is starting...
Jun 19, 2015 8:24:22 AM org.apache.webbeans.plugins.PluginLoader startUp
INFO: Adding OpenWebBeansPlugin : [CdiPlugin]
Jun 19, 2015 8:24:22 AM org.apache.webbeans.plugins.PluginLoader startUp
INFO: Adding OpenWebBeansPlugin : [OpenWebBeansJsfPlugin]
Jun 19, 2015 8:24:22 AM org.apache.webbeans.config.BeansDeployer validateInjectionPoints
INFO: All injection points were validated successfully.
Jun 19, 2015 8:24:22 AM org.apache.openejb.cdi.OpenEJBLifecycle startApplication
INFO: OpenWebBeans Container has started, it took 24 ms.
Jun 19, 2015 8:24:22 AM org.apache.openejb.assembler.classic.Assembler createApplication
INFO: Deployed Application(path=C:\Users\wilson.li\Desktop\apache-tomee-plus-1.7.1\webapps\docs)
Jun 19, 2015 8:24:22 AM org.apache.catalina.startup.HostConfig deployDirectory
INFO: Deployment of web application directory C:\Users\wilson.li\Desktop\apache-tomee-plus-1.7.1\webapps\docs has finished in 409 ms
Jun 19, 2015 8:24:22 AM org.apache.catalina.startup.HostConfig deployDirectory
INFO: Deploying web application directory C:\Users\wilson.li\Desktop\apache-tomee-plus-1.7.1\webapps\host-manager
Jun 19, 2015 8:24:22 AM org.apache.tomee.catalina.TomcatWebAppBuilder init
INFO: ------------------------- localhost -> /host-manager
Jun 19, 2015 8:24:22 AM org.apache.openejb.config.ConfigurationFactory configureApplication
INFO: Configuring enterprise application: C:\Users\wilson.li\Desktop\apache-tomee-plus-1.7.1\webapps\host-manager
Jun 19, 2015 8:24:22 AM org.apache.openejb.config.AppInfoBuilder build
INFO: Enterprise application "C:\Users\wilson.li\Desktop\apache-tomee-plus-1.7.1\webapps\host-manager" loaded.
Jun 19, 2015 8:24:22 AM org.apache.openejb.assembler.classic.Assembler createApplication
INFO: Assembling app: C:\Users\wilson.li\Desktop\apache-tomee-plus-1.7.1\webapps\host-manager
Jun 19, 2015 8:24:22 AM org.apache.openejb.cdi.CdiBuilder initSingleton
INFO: Existing thread singleton service in SystemInstance(): org.apache.openejb.cdi.ThreadSingletonServiceImpl@3c0a50da
Jun 19, 2015 8:24:22 AM org.apache.openejb.cdi.OpenEJBLifecycle startApplication
INFO: OpenWebBeans Container is starting...
Jun 19, 2015 8:24:22 AM org.apache.webbeans.plugins.PluginLoader startUp
INFO: Adding OpenWebBeansPlugin : [CdiPlugin]
Jun 19, 2015 8:24:22 AM org.apache.webbeans.plugins.PluginLoader startUp
INFO: Adding OpenWebBeansPlugin : [OpenWebBeansJsfPlugin]
Jun 19, 2015 8:24:22 AM org.apache.webbeans.config.BeansDeployer validateInjectionPoints
INFO: All injection points were validated successfully.
Jun 19, 2015 8:24:22 AM org.apache.openejb.cdi.OpenEJBLifecycle startApplication
INFO: OpenWebBeans Container has started, it took 15 ms.
Jun 19, 2015 8:24:22 AM org.apache.tomee.catalina.TomcatWebAppBuilder deployWebApps
INFO: using context file C:\Users\wilson.li\Desktop\apache-tomee-plus-1.7.1\webapps\host-manager\META-INF\context.xml
Jun 19, 2015 8:24:22 AM org.apache.openejb.assembler.classic.Assembler createApplication
INFO: Deployed Application(path=C:\Users\wilson.li\Desktop\apache-tomee-plus-1.7.1\webapps\host-manager)
Jun 19, 2015 8:24:22 AM org.apache.catalina.startup.HostConfig deployDirectory
INFO: Deployment of web application directory C:\Users\wilson.li\Desktop\apache-tomee-plus-1.7.1\webapps\host-manager has finished in 429 ms
Jun 19, 2015 8:24:22 AM org.apache.catalina.startup.HostConfig deployDirectory
INFO: Deploying web application directory C:\Users\wilson.li\Desktop\apache-tomee-plus-1.7.1\webapps\manager
Jun 19, 2015 8:24:22 AM org.apache.tomee.catalina.TomcatWebAppBuilder init
INFO: ------------------------- localhost -> /manager
Jun 19, 2015 8:24:22 AM org.apache.openejb.config.ConfigurationFactory configureApplication
INFO: Configuring enterprise application: C:\Users\wilson.li\Desktop\apache-tomee-plus-1.7.1\webapps\manager
Jun 19, 2015 8:24:22 AM org.apache.openejb.config.AppInfoBuilder build
INFO: Enterprise application "C:\Users\wilson.li\Desktop\apache-tomee-plus-1.7.1\webapps\manager" loaded.
Jun 19, 2015 8:24:22 AM org.apache.openejb.assembler.classic.Assembler createApplication
INFO: Assembling app: C:\Users\wilson.li\Desktop\apache-tomee-plus-1.7.1\webapps\manager
Jun 19, 2015 8:24:22 AM org.apache.openejb.cdi.CdiBuilder initSingleton
INFO: Existing thread singleton service in SystemInstance(): org.apache.openejb.cdi.ThreadSingletonServiceImpl@3c0a50da
Jun 19, 2015 8:24:23 AM org.apache.openejb.cdi.OpenEJBLifecycle startApplication
INFO: OpenWebBeans Container is starting...
Jun 19, 2015 8:24:23 AM org.apache.webbeans.plugins.PluginLoader startUp
INFO: Adding OpenWebBeansPlugin : [CdiPlugin]
Jun 19, 2015 8:24:23 AM org.apache.webbeans.plugins.PluginLoader startUp
INFO: Adding OpenWebBeansPlugin : [OpenWebBeansJsfPlugin]
Jun 19, 2015 8:24:23 AM org.apache.webbeans.config.BeansDeployer validateInjectionPoints
INFO: All injection points were validated successfully.
Jun 19, 2015 8:24:23 AM org.apache.openejb.cdi.OpenEJBLifecycle startApplication
INFO: OpenWebBeans Container has started, it took 25 ms.
Jun 19, 2015 8:24:23 AM org.apache.tomee.catalina.TomcatWebAppBuilder deployWebApps
INFO: using context file C:\Users\wilson.li\Desktop\apache-tomee-plus-1.7.1\webapps\manager\META-INF\context.xml
Jun 19, 2015 8:24:23 AM org.apache.openejb.assembler.classic.Assembler createApplication
INFO: Deployed Application(path=C:\Users\wilson.li\Desktop\apache-tomee-plus-1.7.1\webapps\manager)
Jun 19, 2015 8:24:23 AM org.apache.catalina.startup.HostConfig deployDirectory
INFO: Deployment of web application directory C:\Users\wilson.li\Desktop\apache-tomee-plus-1.7.1\webapps\manager has finished in 380 ms
Jun 19, 2015 8:24:23 AM org.apache.catalina.startup.HostConfig deployDirectory
INFO: Deploying web application directory C:\Users\wilson.li\Desktop\apache-tomee-plus-1.7.1\webapps\ROOT
Jun 19, 2015 8:24:23 AM org.apache.tomee.catalina.TomcatWebAppBuilder init
INFO: ------------------------- localhost -> /
Jun 19, 2015 8:24:23 AM org.apache.openejb.config.ConfigurationFactory configureApplication
INFO: Configuring enterprise application: C:\Users\wilson.li\Desktop\apache-tomee-plus-1.7.1\webapps\ROOT
Jun 19, 2015 8:24:23 AM org.apache.openejb.config.AppInfoBuilder build
INFO: Enterprise application "C:\Users\wilson.li\Desktop\apache-tomee-plus-1.7.1\webapps\ROOT" loaded.
Jun 19, 2015 8:24:23 AM org.apache.openejb.assembler.classic.Assembler createApplication
INFO: Assembling app: C:\Users\wilson.li\Desktop\apache-tomee-plus-1.7.1\webapps\ROOT
Jun 19, 2015 8:24:23 AM org.apache.openejb.cdi.CdiBuilder initSingleton
INFO: Existing thread singleton service in SystemInstance(): org.apache.openejb.cdi.ThreadSingletonServiceImpl@3c0a50da
Jun 19, 2015 8:24:23 AM org.apache.openejb.cdi.OpenEJBLifecycle startApplication
INFO: OpenWebBeans Container is starting...
Jun 19, 2015 8:24:23 AM org.apache.webbeans.plugins.PluginLoader startUp
INFO: Adding OpenWebBeansPlugin : [CdiPlugin]
Jun 19, 2015 8:24:23 AM org.apache.webbeans.plugins.PluginLoader startUp
INFO: Adding OpenWebBeansPlugin : [OpenWebBeansJsfPlugin]
Jun 19, 2015 8:24:23 AM org.apache.webbeans.config.BeansDeployer validateInjectionPoints
INFO: All injection points were validated successfully.
Jun 19, 2015 8:24:23 AM org.apache.openejb.cdi.OpenEJBLifecycle startApplication
INFO: OpenWebBeans Container has started, it took 17 ms.
Jun 19, 2015 8:24:23 AM org.apache.openejb.assembler.classic.Assembler createApplication
INFO: Deployed Application(path=C:\Users\wilson.li\Desktop\apache-tomee-plus-1.7.1\webapps\ROOT)
Jun 19, 2015 8:24:23 AM org.apache.catalina.startup.HostConfig deployDirectory
INFO: Deployment of web application directory C:\Users\wilson.li\Desktop\apache-tomee-plus-1.7.1\webapps\ROOT has finished in 244 ms
Jun 19, 2015 8:24:23 AM org.apache.catalina.startup.HostConfig deployDirectory
INFO: Deploying web application directory C:\Users\wilson.li\Desktop\apache-tomee-plus-1.7.1\webapps\tomee
Jun 19, 2015 8:24:23 AM org.apache.tomee.catalina.TomcatWebAppBuilder init
INFO: ------------------------- localhost -> /tomee
Jun 19, 2015 8:24:23 AM org.apache.openejb.config.ConfigurationFactory configureApplication
INFO: Configuring enterprise application: C:\Users\wilson.li\Desktop\apache-tomee-plus-1.7.1\webapps\tomee
Jun 19, 2015 8:24:23 AM org.apache.openejb.config.AppInfoBuilder build
INFO: Enterprise application "C:\Users\wilson.li\Desktop\apache-tomee-plus-1.7.1\webapps\tomee" loaded.
Jun 19, 2015 8:24:23 AM org.apache.openejb.assembler.classic.Assembler createApplication
INFO: Assembling app: C:\Users\wilson.li\Desktop\apache-tomee-plus-1.7.1\webapps\tomee
Jun 19, 2015 8:24:23 AM org.apache.openejb.cdi.CdiBuilder initSingleton
INFO: Existing thread singleton service in SystemInstance(): org.apache.openejb.cdi.ThreadSingletonServiceImpl@3c0a50da
Jun 19, 2015 8:24:23 AM org.apache.openejb.cdi.OpenEJBLifecycle startApplication
INFO: OpenWebBeans Container is starting...
Jun 19, 2015 8:24:23 AM org.apache.webbeans.plugins.PluginLoader startUp
INFO: Adding OpenWebBeansPlugin : [CdiPlugin]
Jun 19, 2015 8:24:23 AM org.apache.webbeans.plugins.PluginLoader startUp
INFO: Adding OpenWebBeansPlugin : [OpenWebBeansJsfPlugin]
Jun 19, 2015 8:24:23 AM org.apache.webbeans.config.BeansDeployer validateInjectionPoints
INFO: All injection points were validated successfully.
Jun 19, 2015 8:24:23 AM org.apache.openejb.cdi.OpenEJBLifecycle startApplication
INFO: OpenWebBeans Container has started, it took 16 ms.
Jun 19, 2015 8:24:23 AM org.apache.openejb.assembler.classic.Assembler createApplication
INFO: Deployed Application(path=C:\Users\wilson.li\Desktop\apache-tomee-plus-1.7.1\webapps\tomee)
Jun 19, 2015 8:24:23 AM org.apache.catalina.startup.HostConfig deployDirectory
INFO: Deployment of web application directory C:\Users\wilson.li\Desktop\apache-tomee-plus-1.7.1\webapps\tomee has finished in 337 ms
Jun 19, 2015 8:24:23 AM org.apache.coyote.AbstractProtocol start
INFO: Starting ProtocolHandler ["http-bio-8082"]
Jun 19, 2015 8:24:23 AM org.apache.coyote.AbstractProtocol start
INFO: Starting ProtocolHandler ["ajp-bio-8009"]
Jun 19, 2015 8:24:23 AM org.apache.catalina.startup.Catalina start
INFO: Server startup in 6550 ms
Jun 19, 2015 8:24:24 AM org.apache.catalina.startup.HostConfig deployDescriptor
INFO: Deploying configuration descriptor C:\Users\wilson.li\Desktop\apache-tomee-plus-1.7.1\conf\Catalina\localhost\WebApplication1.xml
Jun 19, 2015 8:24:25 AM org.apache.tomee.catalina.TomcatWebAppBuilder init
INFO: ------------------------- localhost -> /WebApplication1
Jun 19, 2015 8:24:25 AM org.apache.openejb.config.ConfigurationFactory configureApplication
INFO: Configuring enterprise application: C:\Users\wilson.li\Documents\NetBeansProjects\WebApplication1\build\web
Jun 19, 2015 8:24:25 AM org.apache.openejb.config.AppInfoBuilder build
INFO: Enterprise application "C:\Users\wilson.li\Documents\NetBeansProjects\WebApplication1\build\web" loaded.
Jun 19, 2015 8:24:25 AM org.apache.openejb.assembler.classic.Assembler createApplication
INFO: Assembling app: C:\Users\wilson.li\Documents\NetBeansProjects\WebApplication1\build\web
Jun 19, 2015 8:24:25 AM org.apache.openejb.cdi.CdiBuilder initSingleton
INFO: Existing thread singleton service in SystemInstance(): org.apache.openejb.cdi.ThreadSingletonServiceImpl@3c0a50da
Jun 19, 2015 8:24:25 AM org.apache.openejb.cdi.OpenEJBLifecycle startApplication
INFO: OpenWebBeans Container is starting...
Jun 19, 2015 8:24:25 AM org.apache.webbeans.plugins.PluginLoader startUp
INFO: Adding OpenWebBeansPlugin : [CdiPlugin]
Jun 19, 2015 8:24:25 AM org.apache.webbeans.plugins.PluginLoader startUp
INFO: Adding OpenWebBeansPlugin : [OpenWebBeansJsfPlugin]
Jun 19, 2015 8:24:25 AM org.apache.webbeans.config.BeansDeployer validateInjectionPoints
INFO: All injection points were validated successfully.
Jun 19, 2015 8:24:25 AM org.apache.openejb.cdi.OpenEJBLifecycle startApplication
INFO: OpenWebBeans Container has started, it took 33 ms.
Jun 19, 2015 8:24:25 AM org.apache.tomee.catalina.TomcatWebAppBuilder deployWebApps
INFO: using context file C:\Users\wilson.li\Documents\NetBeansProjects\WebApplication1\build\web\META-INF\context.xml
Jun 19, 2015 8:24:25 AM org.apache.openejb.assembler.classic.Assembler createApplication
INFO: Deployed Application(path=C:\Users\wilson.li\Documents\NetBeansProjects\WebApplication1\build\web)
Jun 19, 2015 8:24:25 AM org.apache.catalina.startup.HostConfig deployDescriptor
INFO: Deployment of configuration descriptor C:\Users\wilson.li\Desktop\apache-tomee-plus-1.7.1\conf\Catalina\localhost\WebApplication1.xml has finished in 457 ms
Jun 19, 2015 8:24:25 AM org.apache.catalina.util.LifecycleBase start
INFO: The start() method was called on component [StandardEngine[Catalina].StandardHost[localhost].StandardContext[/WebApplication1]] after start() had already been called. The second call will be ignored.
Jun 19, 2015 8:24:53 AM org.apache.openejb.assembler.classic.Assembler destroyApplication
INFO: Undeploying app: C:\Users\wilson.li\Documents\NetBeansProjects\WebPractice\build\web
Jun 19, 2015 8:24:54 AM org.apache.catalina.startup.HostConfig undeploy
INFO: Undeploying context [/WebPractice]
Jun 19, 2015 8:24:54 AM org.apache.catalina.startup.HostConfig deployDescriptor
INFO: Deploying configuration descriptor C:\Users\wilson.li\Desktop\apache-tomee-plus-1.7.1\conf\Catalina\localhost\WebPractice.xml
Jun 19, 2015 8:24:54 AM org.apache.tomee.catalina.TomcatWebAppBuilder init
INFO: ------------------------- localhost -> /WebPractice
Jun 19, 2015 8:24:54 AM org.apache.tomee.catalina.TomEEClassLoaderEnricher validateJarFile
WARNING: jar 'C:\Users\wilson.li\Documents\NetBeansProjects\WebPractice\build\web\WEB-INF\lib\jboss-transaction-api_1.2_spec-1.0.0.Final.jar' contains offending class: javax.transaction.Transaction. It will be ignored.
Jun 19, 2015 8:24:55 AM org.apache.openejb.config.ConfigurationFactory configureApplication
INFO: Configuring enterprise application: C:\Users\wilson.li\Documents\NetBeansProjects\WebPractice\build\web
Jun 19, 2015 8:24:55 AM org.apache.openejb.config.AppInfoBuilder build
INFO: Enterprise application "C:\Users\wilson.li\Documents\NetBeansProjects\WebPractice\build\web" loaded.
Jun 19, 2015 8:24:55 AM org.apache.openejb.assembler.classic.Assembler createApplication
INFO: Assembling app: C:\Users\wilson.li\Documents\NetBeansProjects\WebPractice\build\web
Jun 19, 2015 8:24:55 AM org.apache.openejb.cdi.CdiBuilder initSingleton
INFO: Existing thread singleton service in SystemInstance(): org.apache.openejb.cdi.ThreadSingletonServiceImpl@3c0a50da
Jun 19, 2015 8:24:55 AM org.apache.openejb.cdi.OpenEJBLifecycle startApplication
INFO: OpenWebBeans Container is starting...
Jun 19, 2015 8:24:55 AM org.apache.openejb.cdi.OpenEJBLifecycle startApplication
INFO: OpenWebBeans Container has started, it took 17 ms.
Jun 19, 2015 8:24:55 AM org.apache.tomee.catalina.TomcatWebAppBuilder deployWebApps
INFO: using context file C:\Users\wilson.li\Documents\NetBeansProjects\WebPractice\build\web\META-INF\context.xml
Jun 19, 2015 8:24:55 AM org.apache.openejb.assembler.classic.Assembler createApplication
INFO: Deployed Application(path=C:\Users\wilson.li\Documents\NetBeansProjects\WebPractice\build\web)
Jun 19, 2015 8:24:55 AM org.apache.catalina.startup.HostConfig deployDescriptor
INFO: Deployment of configuration descriptor C:\Users\wilson.li\Desktop\apache-tomee-plus-1.7.1\conf\Catalina\localhost\WebPractice.xml has finished in 1,205 ms
Jun 19, 2015 8:24:55 AM org.apache.catalina.util.LifecycleBase start
INFO: The start() method was called on component [StandardEngine[Catalina].StandardHost[localhost].StandardContext[/WebPractice]] after start() had already been called. The second call will be ignored.
Jun 19, 2015 8:25:24 AM org.apache.openejb.assembler.classic.Assembler destroyApplication
INFO: Undeploying app: C:\Users\wilson.li\Documents\NetBeansProjects\WebApplication1\build\web
Jun 19, 2015 8:25:26 AM org.apache.catalina.startup.HostConfig undeploy
INFO: Undeploying context [/WebApplication1]
Jun 19, 2015 8:28:38 AM org.apache.catalina.startup.HostConfig deployDescriptor
INFO: Deploying configuration descriptor C:\Users\wilson.li\Desktop\apache-tomee-plus-1.7.1\conf\Catalina\localhost\WebApplication2.xml
Jun 19, 2015 8:28:38 AM org.apache.tomee.catalina.TomcatWebAppBuilder init
INFO: ------------------------- localhost -> /WebApplication2
Jun 19, 2015 8:28:38 AM org.apache.openejb.config.ConfigurationFactory configureApplication
INFO: Configuring enterprise application: C:\Users\wilson.li\Documents\NetBeansProjects\WebApplication2\build\web
Jun 19, 2015 8:28:38 AM org.apache.openejb.config.AppInfoBuilder build
INFO: Enterprise application "C:\Users\wilson.li\Documents\NetBeansProjects\WebApplication2\build\web" loaded.
Jun 19, 2015 8:28:38 AM org.apache.openejb.assembler.classic.Assembler createApplication
INFO: Assembling app: C:\Users\wilson.li\Documents\NetBeansProjects\WebApplication2\build\web
Jun 19, 2015 8:28:38 AM org.apache.openejb.cdi.CdiBuilder initSingleton
INFO: Existing thread singleton service in SystemInstance(): org.apache.openejb.cdi.ThreadSingletonServiceImpl@3c0a50da
Jun 19, 2015 8:28:38 AM org.apache.openejb.cdi.OpenEJBLifecycle startApplication
INFO: OpenWebBeans Container is starting...
Jun 19, 2015 8:28:38 AM org.apache.openejb.cdi.OpenEJBLifecycle startApplication
INFO: OpenWebBeans Container has started, it took 29 ms.
Jun 19, 2015 8:28:38 AM org.apache.tomee.catalina.TomcatWebAppBuilder deployWebApps
INFO: using context file C:\Users\wilson.li\Documents\NetBeansProjects\WebApplication2\build\web\META-INF\context.xml
Jun 19, 2015 8:28:38 AM org.apache.openejb.assembler.classic.Assembler createApplication
INFO: Deployed Application(path=C:\Users\wilson.li\Documents\NetBeansProjects\WebApplication2\build\web)
Jun 19, 2015 8:28:39 AM org.apache.catalina.startup.HostConfig deployDescriptor
INFO: Deployment of configuration descriptor C:\Users\wilson.li\Desktop\apache-tomee-plus-1.7.1\conf\Catalina\localhost\WebApplication2.xml has finished in 798 ms
Jun 19, 2015 8:28:39 AM org.apache.catalina.util.LifecycleBase start
INFO: The start() method was called on component [StandardEngine[Catalina].StandardHost[localhost].StandardContext[/WebApplication2]] after start() had already been called. The second call will be ignored.
Jun 19, 2015 8:30:33 AM org.apache.openejb.assembler.classic.Assembler destroyApplication
INFO: Undeploying app: C:\Users\wilson.li\Documents\NetBeansProjects\WebApplication2\build\web
Jun 19, 2015 8:30:34 AM org.apache.catalina.startup.HostConfig undeploy
INFO: Undeploying context [/WebApplication2]
Jun 19, 2015 8:30:34 AM org.apache.catalina.startup.HostConfig deployDescriptor
INFO: Deploying configuration descriptor C:\Users\wilson.li\Desktop\apache-tomee-plus-1.7.1\conf\Catalina\localhost\WebApplication2.xml
Jun 19, 2015 8:30:34 AM org.apache.tomee.catalina.TomcatWebAppBuilder init
INFO: ------------------------- localhost -> /WebApplication2
Jun 19, 2015 8:30:34 AM org.apache.openejb.config.ConfigurationFactory configureApplication
INFO: Configuring enterprise application: C:\Users\wilson.li\Documents\NetBeansProjects\WebApplication2\build\web
Jun 19, 2015 8:30:34 AM org.apache.openejb.config.AppInfoBuilder build
INFO: Enterprise application "C:\Users\wilson.li\Documents\NetBeansProjects\WebApplication2\build\web" loaded.
Jun 19, 2015 8:30:34 AM org.apache.openejb.assembler.classic.Assembler createApplication
INFO: Assembling app: C:\Users\wilson.li\Documents\NetBeansProjects\WebApplication2\build\web
Jun 19, 2015 8:30:34 AM org.apache.openejb.cdi.CdiBuilder initSingleton
INFO: Existing thread singleton service in SystemInstance(): org.apache.openejb.cdi.ThreadSingletonServiceImpl@3c0a50da
Jun 19, 2015 8:30:34 AM org.apache.openejb.cdi.OpenEJBLifecycle startApplication
INFO: OpenWebBeans Container is starting...
Jun 19, 2015 8:30:34 AM org.apache.openejb.cdi.OpenEJBLifecycle startApplication
INFO: OpenWebBeans Container has started, it took 16 ms.
Jun 19, 2015 8:30:34 AM org.apache.tomee.catalina.TomcatWebAppBuilder deployWebApps
INFO: using context file C:\Users\wilson.li\Documents\NetBeansProjects\WebApplication2\build\web\META-INF\context.xml
Jun 19, 2015 8:30:34 AM org.apache.openejb.assembler.classic.Assembler createApplication
INFO: Deployed Application(path=C:\Users\wilson.li\Documents\NetBeansProjects\WebApplication2\build\web)
Jun 19, 2015 8:30:34 AM org.apache.catalina.startup.HostConfig deployDescriptor
INFO: Deployment of configuration descriptor C:\Users\wilson.li\Desktop\apache-tomee-plus-1.7.1\conf\Catalina\localhost\WebApplication2.xml has finished in 610 ms
Jun 19, 2015 8:30:34 AM org.apache.catalina.util.LifecycleBase start
INFO: The start() method was called on component [StandardEngine[Catalina].StandardHost[localhost].StandardContext[/WebApplication2]] after start() had already been called. The second call will be ignored.
Jun 19, 2015 8:31:23 AM org.apache.openejb.assembler.classic.Assembler destroyApplication
INFO: Undeploying app: C:\Users\wilson.li\Documents\NetBeansProjects\WebApplication2\build\web
Jun 19, 2015 8:31:24 AM org.apache.catalina.startup.HostConfig undeploy
INFO: Undeploying context [/WebApplication2]
Jun 19, 2015 8:31:24 AM org.apache.catalina.startup.HostConfig deployDescriptor
INFO: Deploying configuration descriptor C:\Users\wilson.li\Desktop\apache-tomee-plus-1.7.1\conf\Catalina\localhost\WebApplication2.xml
Jun 19, 2015 8:31:24 AM org.apache.tomee.catalina.TomcatWebAppBuilder init
INFO: ------------------------- localhost -> /WebApplication2
Jun 19, 2015 8:31:24 AM org.apache.openejb.config.ConfigurationFactory configureApplication
INFO: Configuring enterprise application: C:\Users\wilson.li\Documents\NetBeansProjects\WebApplication2\build\web
Jun 19, 2015 8:31:24 AM org.apache.openejb.config.AppInfoBuilder build
INFO: Enterprise application "C:\Users\wilson.li\Documents\NetBeansProjects\WebApplication2\build\web" loaded.
Jun 19, 2015 8:31:24 AM org.apache.openejb.assembler.classic.Assembler createApplication
INFO: Assembling app: C:\Users\wilson.li\Documents\NetBeansProjects\WebApplication2\build\web
Jun 19, 2015 8:31:24 AM org.apache.openejb.cdi.CdiBuilder initSingleton
INFO: Existing thread singleton service in SystemInstance(): org.apache.openejb.cdi.ThreadSingletonServiceImpl@3c0a50da
Jun 19, 2015 8:31:24 AM org.apache.openejb.cdi.OpenEJBLifecycle startApplication
INFO: OpenWebBeans Container is starting...
Jun 19, 2015 8:31:24 AM org.apache.openejb.cdi.OpenEJBLifecycle startApplication
INFO: OpenWebBeans Container has started, it took 13 ms.
Jun 19, 2015 8:31:24 AM org.apache.tomee.catalina.TomcatWebAppBuilder deployWebApps
INFO: using context file C:\Users\wilson.li\Documents\NetBeansProjects\WebApplication2\build\web\META-INF\context.xml
Jun 19, 2015 8:31:24 AM org.apache.openejb.assembler.classic.Assembler createApplication
INFO: Deployed Application(path=C:\Users\wilson.li\Documents\NetBeansProjects\WebApplication2\build\web)
Jun 19, 2015 8:31:24 AM org.apache.catalina.startup.HostConfig deployDescriptor
INFO: Deployment of configuration descriptor C:\Users\wilson.li\Desktop\apache-tomee-plus-1.7.1\conf\Catalina\localhost\WebApplication2.xml has finished in 456 ms
Jun 19, 2015 8:31:24 AM org.apache.catalina.util.LifecycleBase start
INFO: The start() method was called on component [StandardEngine[Catalina].StandardHost[localhost].StandardContext[/WebApplication2]] after start() had already been called. The second call will be ignored.
Jun 19, 2015 8:32:03 AM org.apache.openejb.assembler.classic.Assembler destroyApplication
INFO: Undeploying app: C:\Users\wilson.li\Documents\NetBeansProjects\WebApplication2\build\web
Jun 19, 2015 8:32:04 AM org.apache.catalina.startup.HostConfig undeploy
INFO: Undeploying context [/WebApplication2]
Jun 19, 2015 8:32:04 AM org.apache.catalina.startup.HostConfig deployDescriptor
INFO: Deploying configuration descriptor C:\Users\wilson.li\Desktop\apache-tomee-plus-1.7.1\conf\Catalina\localhost\WebApplication2.xml
Jun 19, 2015 8:32:04 AM org.apache.tomee.catalina.TomcatWebAppBuilder init
INFO: ------------------------- localhost -> /WebApplication2
Jun 19, 2015 8:32:04 AM org.apache.openejb.config.ConfigurationFactory configureApplication
INFO: Configuring enterprise application: C:\Users\wilson.li\Documents\NetBeansProjects\WebApplication2\build\web
Jun 19, 2015 8:32:04 AM org.apache.openejb.config.AppInfoBuilder build
INFO: Enterprise application "C:\Users\wilson.li\Documents\NetBeansProjects\WebApplication2\build\web" loaded.
Jun 19, 2015 8:32:04 AM org.apache.openejb.assembler.classic.Assembler createApplication
INFO: Assembling app: C:\Users\wilson.li\Documents\NetBeansProjects\WebApplication2\build\web
Jun 19, 2015 8:32:04 AM org.apache.openejb.cdi.CdiBuilder initSingleton
INFO: Existing thread singleton service in SystemInstance(): org.apache.openejb.cdi.ThreadSingletonServiceImpl@3c0a50da
Jun 19, 2015 8:32:04 AM org.apache.openejb.cdi.OpenEJBLifecycle startApplication
INFO: OpenWebBeans Container is starting...
Jun 19, 2015 8:32:04 AM org.apache.openejb.cdi.OpenEJBLifecycle startApplication
INFO: OpenWebBeans Container has started, it took 9 ms.
Jun 19, 2015 8:32:04 AM org.apache.tomee.catalina.TomcatWebAppBuilder deployWebApps
INFO: using context file C:\Users\wilson.li\Documents\NetBeansProjects\WebApplication2\build\web\META-INF\context.xml
Jun 19, 2015 8:32:04 AM org.apache.openejb.assembler.classic.Assembler createApplication
INFO: Deployed Application(path=C:\Users\wilson.li\Documents\NetBeansProjects\WebApplication2\build\web)
Jun 19, 2015 8:32:05 AM org.apache.catalina.startup.HostConfig deployDescriptor
INFO: Deployment of configuration descriptor C:\Users\wilson.li\Desktop\apache-tomee-plus-1.7.1\conf\Catalina\localhost\WebApplication2.xml has finished in 494 ms
Jun 19, 2015 8:32:05 AM org.apache.catalina.util.LifecycleBase start
INFO: The start() method was called on component [StandardEngine[Catalina].StandardHost[localhost].StandardContext[/WebApplication2]] after start() had already been called. The second call will be ignored.
Jun 19, 2015 8:32:26 AM org.apache.openejb.assembler.classic.Assembler destroyApplication
INFO: Undeploying app: C:\Users\wilson.li\Documents\NetBeansProjects\WebApplication2\build\web
Jun 19, 2015 8:32:28 AM org.apache.catalina.startup.HostConfig undeploy
INFO: Undeploying context [/WebApplication2]
Jun 19, 2015 8:32:28 AM org.apache.catalina.startup.HostConfig deployDescriptor
INFO: Deploying configuration descriptor C:\Users\wilson.li\Desktop\apache-tomee-plus-1.7.1\conf\Catalina\localhost\WebApplication2.xml
Jun 19, 2015 8:32:28 AM org.apache.tomee.catalina.TomcatWebAppBuilder init
INFO: ------------------------- localhost -> /WebApplication2
Jun 19, 2015 8:32:28 AM org.apache.openejb.config.ConfigurationFactory configureApplication
INFO: Configuring enterprise application: C:\Users\wilson.li\Documents\NetBeansProjects\WebApplication2\build\web
Jun 19, 2015 8:32:28 AM org.apache.openejb.config.AppInfoBuilder build
INFO: Enterprise application "C:\Users\wilson.li\Documents\NetBeansProjects\WebApplication2\build\web" loaded.
Jun 19, 2015 8:32:28 AM org.apache.openejb.assembler.classic.Assembler createApplication
INFO: Assembling app: C:\Users\wilson.li\Documents\NetBeansProjects\WebApplication2\build\web
Jun 19, 2015 8:32:28 AM org.apache.openejb.cdi.CdiBuilder initSingleton
INFO: Existing thread singleton service in SystemInstance(): org.apache.openejb.cdi.ThreadSingletonServiceImpl@3c0a50da
Jun 19, 2015 8:32:28 AM org.apache.openejb.cdi.OpenEJBLifecycle startApplication
INFO: OpenWebBeans Container is starting...
Jun 19, 2015 8:32:28 AM org.apache.openejb.cdi.OpenEJBLifecycle startApplication
INFO: OpenWebBeans Container has started, it took 13 ms.
Jun 19, 2015 8:32:28 AM org.apache.tomee.catalina.TomcatWebAppBuilder deployWebApps
INFO: using context file C:\Users\wilson.li\Documents\NetBeansProjects\WebApplication2\build\web\META-INF\context.xml
Jun 19, 2015 8:32:28 AM org.apache.openejb.assembler.classic.Assembler createApplication
INFO: Deployed Application(path=C:\Users\wilson.li\Documents\NetBeansProjects\WebApplication2\build\web)
Jun 19, 2015 8:32:28 AM org.apache.catalina.startup.HostConfig deployDescriptor
INFO: Deployment of configuration descriptor C:\Users\wilson.li\Desktop\apache-tomee-plus-1.7.1\conf\Catalina\localhost\WebApplication2.xml has finished in 429 ms
Jun 19, 2015 8:32:28 AM org.apache.catalina.util.LifecycleBase start
INFO: The start() method was called on component [StandardEngine[Catalina].StandardHost[localhost].StandardContext[/WebApplication2]] after start() had already been called. The second call will be ignored.
Jun 19, 2015 8:33:17 AM org.apache.openejb.assembler.classic.Assembler destroyApplication
INFO: Undeploying app: C:\Users\wilson.li\Documents\NetBeansProjects\WebApplication2\build\web
Jun 19, 2015 8:33:18 AM org.apache.catalina.startup.HostConfig undeploy
INFO: Undeploying context [/WebApplication2]
Jun 19, 2015 8:33:18 AM org.apache.catalina.startup.HostConfig deployDescriptor
INFO: Deploying configuration descriptor C:\Users\wilson.li\Desktop\apache-tomee-plus-1.7.1\conf\Catalina\localhost\WebApplication2.xml
Jun 19, 2015 8:33:18 AM org.apache.tomee.catalina.TomcatWebAppBuilder init
INFO: ------------------------- localhost -> /WebApplication2
Jun 19, 2015 8:33:18 AM org.apache.openejb.config.ConfigurationFactory configureApplication
INFO: Configuring enterprise application: C:\Users\wilson.li\Documents\NetBeansProjects\WebApplication2\build\web
Jun 19, 2015 8:33:19 AM org.apache.openejb.config.AppInfoBuilder build
INFO: Enterprise application "C:\Users\wilson.li\Documents\NetBeansProjects\WebApplication2\build\web" loaded.
Jun 19, 2015 8:33:19 AM org.apache.openejb.assembler.classic.Assembler createApplication
INFO: Assembling app: C:\Users\wilson.li\Documents\NetBeansProjects\WebApplication2\build\web
Jun 19, 2015 8:33:19 AM org.apache.openejb.cdi.CdiBuilder initSingleton
INFO: Existing thread singleton service in SystemInstance(): org.apache.openejb.cdi.ThreadSingletonServiceImpl@3c0a50da
Jun 19, 2015 8:33:19 AM org.apache.openejb.cdi.OpenEJBLifecycle startApplication
INFO: OpenWebBeans Container is starting...
Jun 19, 2015 8:33:19 AM org.apache.openejb.cdi.OpenEJBLifecycle startApplication
INFO: OpenWebBeans Container has started, it took 15 ms.
Jun 19, 2015 8:33:19 AM org.apache.tomee.catalina.TomcatWebAppBuilder deployWebApps
INFO: using context file C:\Users\wilson.li\Documents\NetBeansProjects\WebApplication2\build\web\META-INF\context.xml
Jun 19, 2015 8:33:19 AM org.apache.openejb.assembler.classic.Assembler createApplication
INFO: Deployed Application(path=C:\Users\wilson.li\Documents\NetBeansProjects\WebApplication2\build\web)
Jun 19, 2015 8:33:19 AM org.apache.catalina.startup.HostConfig deployDescriptor
INFO: Deployment of configuration descriptor C:\Users\wilson.li\Desktop\apache-tomee-plus-1.7.1\conf\Catalina\localhost\WebApplication2.xml has finished in 618 ms
Jun 19, 2015 8:33:19 AM org.apache.catalina.util.LifecycleBase start
INFO: The start() method was called on component [StandardEngine[Catalina].StandardHost[localhost].StandardContext[/WebApplication2]] after start() had already been called. The second call will be ignored.
Jun 19, 2015 8:33:56 AM org.apache.openejb.assembler.classic.Assembler destroyApplication
INFO: Undeploying app: C:\Users\wilson.li\Documents\NetBeansProjects\WebApplication2\build\web
Jun 19, 2015 8:33:57 AM org.apache.catalina.startup.HostConfig undeploy
INFO: Undeploying context [/WebApplication2]
Jun 19, 2015 8:34:02 AM org.apache.catalina.startup.HostConfig deployDescriptor
INFO: Deploying configuration descriptor C:\Users\wilson.li\Desktop\apache-tomee-plus-1.7.1\conf\Catalina\localhost\WebApplication2.xml
Jun 19, 2015 8:34:02 AM org.apache.tomee.catalina.TomcatWebAppBuilder init
INFO: ------------------------- localhost -> /WebApplication2
Jun 19, 2015 8:34:02 AM org.apache.openejb.config.ConfigurationFactory configureApplication
INFO: Configuring enterprise application: C:\Users\wilson.li\Documents\NetBeansProjects\WebApplication2\build\web
Jun 19, 2015 8:34:02 AM org.apache.openejb.config.AppInfoBuilder build
INFO: Enterprise application "C:\Users\wilson.li\Documents\NetBeansProjects\WebApplication2\build\web" loaded.
Jun 19, 2015 8:34:02 AM org.apache.openejb.assembler.classic.Assembler createApplication
INFO: Assembling app: C:\Users\wilson.li\Documents\NetBeansProjects\WebApplication2\build\web
Jun 19, 2015 8:34:02 AM org.apache.openejb.cdi.CdiBuilder initSingleton
INFO: Existing thread singleton service in SystemInstance(): org.apache.openejb.cdi.ThreadSingletonServiceImpl@3c0a50da
Jun 19, 2015 8:34:02 AM org.apache.openejb.cdi.OpenEJBLifecycle startApplication
INFO: OpenWebBeans Container is starting...
Jun 19, 2015 8:34:02 AM org.apache.openejb.cdi.OpenEJBLifecycle startApplication
INFO: OpenWebBeans Container has started, it took 17 ms.
Jun 19, 2015 8:34:02 AM org.apache.tomee.catalina.TomcatWebAppBuilder deployWebApps
INFO: using context file C:\Users\wilson.li\Documents\NetBeansProjects\WebApplication2\build\web\META-INF\context.xml
Jun 19, 2015 8:34:02 AM org.apache.openejb.assembler.classic.Assembler createApplication
INFO: Deployed Application(path=C:\Users\wilson.li\Documents\NetBeansProjects\WebApplication2\build\web)
Jun 19, 2015 8:34:03 AM org.apache.catalina.startup.HostConfig deployDescriptor
INFO: Deployment of configuration descriptor C:\Users\wilson.li\Desktop\apache-tomee-plus-1.7.1\conf\Catalina\localhost\WebApplication2.xml has finished in 620 ms
Jun 19, 2015 8:34:03 AM org.apache.catalina.util.LifecycleBase start
INFO: The start() method was called on component [StandardEngine[Catalina].StandardHost[localhost].StandardContext[/WebApplication2]] after start() had already been called. The second call will be ignored.
Jun 19, 2015 8:34:28 AM org.apache.openejb.assembler.classic.Assembler destroyApplication
INFO: Undeploying app: C:\Users\wilson.li\Documents\NetBeansProjects\WebApplication2\build\web
Jun 19, 2015 8:34:29 AM org.apache.catalina.startup.HostConfig undeploy
INFO: Undeploying context [/WebApplication2]
Jun 19, 2015 8:34:29 AM org.apache.catalina.startup.HostConfig deployDescriptor
INFO: Deploying configuration descriptor C:\Users\wilson.li\Desktop\apache-tomee-plus-1.7.1\conf\Catalina\localhost\WebApplication2.xml
Jun 19, 2015 8:34:29 AM org.apache.tomee.catalina.TomcatWebAppBuilder init
INFO: ------------------------- localhost -> /WebApplication2
Jun 19, 2015 8:34:29 AM org.apache.openejb.config.ConfigurationFactory configureApplication
INFO: Configuring enterprise application: C:\Users\wilson.li\Documents\NetBeansProjects\WebApplication2\build\web
Jun 19, 2015 8:34:29 AM org.apache.openejb.config.AppInfoBuilder build
INFO: Enterprise application "C:\Users\wilson.li\Documents\NetBeansProjects\WebApplication2\build\web" loaded.
Jun 19, 2015 8:34:29 AM org.apache.openejb.assembler.classic.Assembler createApplication
INFO: Assembling app: C:\Users\wilson.li\Documents\NetBeansProjects\WebApplication2\build\web
Jun 19, 2015 8:34:29 AM org.apache.openejb.cdi.CdiBuilder initSingleton
INFO: Existing thread singleton service in SystemInstance(): org.apache.openejb.cdi.ThreadSingletonServiceImpl@3c0a50da
Jun 19, 2015 8:34:29 AM org.apache.openejb.cdi.OpenEJBLifecycle startApplication
INFO: OpenWebBeans Container is starting...
Jun 19, 2015 8:34:29 AM org.apache.openejb.cdi.OpenEJBLifecycle startApplication
INFO: OpenWebBeans Container has started, it took 24 ms.
Jun 19, 2015 8:34:29 AM org.apache.tomee.catalina.TomcatWebAppBuilder deployWebApps
INFO: using context file C:\Users\wilson.li\Documents\NetBeansProjects\WebApplication2\build\web\META-INF\context.xml
Jun 19, 2015 8:34:29 AM org.apache.openejb.assembler.classic.Assembler createApplication
INFO: Deployed Application(path=C:\Users\wilson.li\Documents\NetBeansProjects\WebApplication2\build\web)
Jun 19, 2015 8:34:29 AM org.apache.catalina.startup.HostConfig deployDescriptor
INFO: Deployment of configuration descriptor C:\Users\wilson.li\Desktop\apache-tomee-plus-1.7.1\conf\Catalina\localhost\WebApplication2.xml has finished in 557 ms
Jun 19, 2015 8:34:29 AM org.apache.catalina.util.LifecycleBase start
INFO: The start() method was called on component [StandardEngine[Catalina].StandardHost[localhost].StandardContext[/WebApplication2]] after start() had already been called. The second call will be ignored.
Jun 19, 2015 8:35:06 AM org.apache.openejb.assembler.classic.Assembler destroyApplication
INFO: Undeploying app: C:\Users\wilson.li\Documents\NetBeansProjects\WebApplication2\build\web
Jun 19, 2015 8:35:07 AM org.apache.catalina.startup.HostConfig undeploy
INFO: Undeploying context [/WebApplication2]
Jun 19, 2015 8:35:12 AM org.apache.catalina.startup.HostConfig deployDescriptor
INFO: Deploying configuration descriptor C:\Users\wilson.li\Desktop\apache-tomee-plus-1.7.1\conf\Catalina\localhost\WebApplication2.xml
Jun 19, 2015 8:35:12 AM org.apache.tomee.catalina.TomcatWebAppBuilder init
INFO: ------------------------- localhost -> /WebApplication2
Jun 19, 2015 8:35:12 AM org.apache.openejb.config.ConfigurationFactory configureApplication
INFO: Configuring enterprise application: C:\Users\wilson.li\Documents\NetBeansProjects\WebApplication2\build\web
Jun 19, 2015 8:35:12 AM org.apache.openejb.config.AppInfoBuilder build
INFO: Enterprise application "C:\Users\wilson.li\Documents\NetBeansProjects\WebApplication2\build\web" loaded.
Jun 19, 2015 8:35:12 AM org.apache.openejb.assembler.classic.Assembler createApplication
INFO: Assembling app: C:\Users\wilson.li\Documents\NetBeansProjects\WebApplication2\build\web
Jun 19, 2015 8:35:12 AM org.apache.openejb.cdi.CdiBuilder initSingleton
INFO: Existing thread singleton service in SystemInstance(): org.apache.openejb.cdi.ThreadSingletonServiceImpl@3c0a50da
Jun 19, 2015 8:35:13 AM org.apache.openejb.cdi.OpenEJBLifecycle startApplication
INFO: OpenWebBeans Container is starting...
Jun 19, 2015 8:35:13 AM org.apache.openejb.cdi.OpenEJBLifecycle startApplication
INFO: OpenWebBeans Container has started, it took 13 ms.
Jun 19, 2015 8:35:13 AM org.apache.tomee.catalina.TomcatWebAppBuilder deployWebApps
INFO: using context file C:\Users\wilson.li\Documents\NetBeansProjects\WebApplication2\build\web\META-INF\context.xml
Jun 19, 2015 8:35:13 AM org.apache.openejb.assembler.classic.Assembler createApplication
INFO: Deployed Application(path=C:\Users\wilson.li\Documents\NetBeansProjects\WebApplication2\build\web)
Jun 19, 2015 8:35:13 AM org.apache.catalina.startup.HostConfig deployDescriptor
INFO: Deployment of configuration descriptor C:\Users\wilson.li\Desktop\apache-tomee-plus-1.7.1\conf\Catalina\localhost\WebApplication2.xml has finished in 492 ms
Jun 19, 2015 8:35:13 AM org.apache.catalina.util.LifecycleBase start
INFO: The start() method was called on component [StandardEngine[Catalina].StandardHost[localhost].StandardContext[/WebApplication2]] after start() had already been called. The second call will be ignored.
Jun 19, 2015 8:38:15 AM org.apache.catalina.core.StandardServer await
INFO: A valid shutdown command was received via the shutdown port. Stopping the Server instance.
Jun 19, 2015 8:38:15 AM org.apache.coyote.AbstractProtocol pause
INFO: Pausing ProtocolHandler ["http-bio-8082"]
Jun 19, 2015 8:38:15 AM org.apache.coyote.AbstractProtocol pause
INFO: Pausing ProtocolHandler ["ajp-bio-8009"]
Jun 19, 2015 8:38:15 AM org.apache.catalina.core.StandardService stopInternal
INFO: Stopping service Catalina
Jun 19, 2015 8:38:15 AM org.apache.openejb.assembler.classic.Assembler destroyApplication
INFO: Undeploying app: C:\Users\wilson.li\Desktop\apache-tomee-plus-1.7.1\webapps\docs
Jun 19, 2015 8:38:16 AM org.apache.openejb.assembler.classic.Assembler destroyApplication
INFO: Undeploying app: C:\Users\wilson.li\Desktop\apache-tomee-plus-1.7.1\webapps\host-manager
Jun 19, 2015 8:38:16 AM org.apache.openejb.assembler.classic.Assembler destroyApplication
INFO: Undeploying app: C:\Users\wilson.li\Desktop\apache-tomee-plus-1.7.1\webapps\manager
Jun 19, 2015 8:38:16 AM org.apache.openejb.assembler.classic.Assembler destroyApplication
INFO: Undeploying app: C:\Users\wilson.li\Desktop\apache-tomee-plus-1.7.1\webapps\ROOT
Jun 19, 2015 8:38:16 AM org.apache.openejb.assembler.classic.Assembler destroyApplication
INFO: Undeploying app: C:\Users\wilson.li\Desktop\apache-tomee-plus-1.7.1\webapps\tomee
Jun 19, 2015 8:38:17 AM org.apache.openejb.assembler.classic.Assembler destroyApplication
INFO: Undeploying app: C:\Users\wilson.li\Documents\NetBeansProjects\WebPractice\build\web
Jun 19, 2015 8:38:17 AM org.apache.openejb.assembler.classic.Assembler destroyApplication
INFO: Undeploying app: C:\Users\wilson.li\Documents\NetBeansProjects\WebApplication2\build\web
Jun 19, 2015 8:38:17 AM org.apache.tomee.catalina.TomcatWebAppBuilder afterStop
SEVERE: Unable to stop web application /WebApplication2: Exception: null
java.lang.NullPointerException
	at org.apache.openejb.assembler.classic.Assembler.destroyApplication(Assembler.java:1559)
	at org.apache.openejb.assembler.classic.Assembler.destroyApplication(Assembler.java:1526)
	at org.apache.tomee.catalina.TomcatWebAppBuilder.afterStop(TomcatWebAppBuilder.java:1924)
	at org.apache.tomee.catalina.GlobalListenerSupport.lifecycleEvent(GlobalListenerSupport.java:126)
	at org.apache.catalina.util.LifecycleSupport.fireLifecycleEvent(LifecycleSupport.java:117)
	at org.apache.catalina.util.LifecycleBase.fireLifecycleEvent(LifecycleBase.java:90)
	at org.apache.catalina.util.LifecycleBase.setStateInternal(LifecycleBase.java:402)
	at org.apache.catalina.util.LifecycleBase.stop(LifecycleBase.java:252)
	at org.apache.catalina.core.ContainerBase$StopChild.call(ContainerBase.java:1591)
	at org.apache.catalina.core.ContainerBase$StopChild.call(ContainerBase.java:1580)
	at java.util.concurrent.FutureTask.run(FutureTask.java:266)
	at java.util.concurrent.ThreadPoolExecutor.runWorker(ThreadPoolExecutor.java:1142)
	at java.util.concurrent.ThreadPoolExecutor$Worker.run(ThreadPoolExecutor.java:617)
	at java.lang.Thread.run(Thread.java:745)

Jun 19, 2015 8:38:17 AM org.apache.coyote.AbstractProtocol stop
INFO: Stopping ProtocolHandler ["http-bio-8082"]
Jun 19, 2015 8:38:17 AM org.apache.coyote.AbstractProtocol stop
INFO: Stopping ProtocolHandler ["ajp-bio-8009"]
Jun 19, 2015 8:38:17 AM org.apache.openejb.server.SimpleServiceManager stop
INFO: Stopping server services
Jun 19, 2015 8:38:17 AM org.apache.openejb.assembler.classic.Assembler destroyApplication
INFO: Undeploying app: openejb
Jun 19, 2015 8:38:17 AM org.apache.coyote.AbstractProtocol destroy
INFO: Destroying ProtocolHandler ["http-bio-8082"]
Jun 19, 2015 8:38:17 AM org.apache.coyote.AbstractProtocol destroy
INFO: Destroying ProtocolHandler ["ajp-bio-8009"]
