Jun 29, 2015 8:13:59 AM org.apache.catalina.core.ApplicationContext log
INFO: Manager: init: Associated with Deployer 'Catalina:type=Deployer,host=localhost'
Jun 29, 2015 8:13:59 AM org.apache.catalina.core.ApplicationContext log
INFO: Manager: init: Global resources are available
Jun 29, 2015 8:13:59 AM org.apache.catalina.core.ApplicationContext log
INFO: Manager: list: Listing contexts for virtual host 'localhost'
Jun 29, 2015 8:13:59 AM org.apache.catalina.core.ApplicationContext log
INFO: Manager: list: Listing contexts for virtual host 'localhost'
Jun 29, 2015 8:13:59 AM org.apache.catalina.core.ApplicationContext log
INFO: Manager: undeploy: Undeploying web application at '/WebPractice'
Jun 29, 2015 8:14:00 AM org.apache.catalina.core.ApplicationContext log
INFO: Manager: install: Installing context configuration at 'file:/C:/Users/wilson.li/AppData/Local/Temp/context2327634119380126260.xml'
Jun 29, 2015 8:28:15 AM org.apache.catalina.core.ApplicationContext log
INFO: Manager: list: Listing contexts for virtual host 'localhost'
Jun 29, 2015 8:28:15 AM org.apache.catalina.core.ApplicationContext log
INFO: Manager: list: Listing contexts for virtual host 'localhost'
Jun 29, 2015 8:34:12 AM org.apache.catalina.core.ApplicationContext log
INFO: Manager: list: Listing contexts for virtual host 'localhost'
Jun 29, 2015 8:34:12 AM org.apache.catalina.core.ApplicationContext log
INFO: Manager: list: Listing contexts for virtual host 'localhost'
Jun 29, 2015 8:43:53 AM org.apache.catalina.core.ApplicationContext log
INFO: Manager: init: Associated with Deployer 'Catalina:type=Deployer,host=localhost'
Jun 29, 2015 8:43:53 AM org.apache.catalina.core.ApplicationContext log
INFO: Manager: init: Global resources are available
Jun 29, 2015 8:43:53 AM org.apache.catalina.core.ApplicationContext log
INFO: Manager: list: Listing contexts for virtual host 'localhost'
Jun 29, 2015 8:43:53 AM org.apache.catalina.core.ApplicationContext log
INFO: Manager: list: Listing contexts for virtual host 'localhost'
Jun 29, 2015 8:54:25 AM org.apache.catalina.core.ApplicationContext log
INFO: Manager: init: Associated with Deployer 'Catalina:type=Deployer,host=localhost'
Jun 29, 2015 8:54:25 AM org.apache.catalina.core.ApplicationContext log
INFO: Manager: init: Global resources are available
Jun 29, 2015 8:54:25 AM org.apache.catalina.core.ApplicationContext log
INFO: Manager: list: Listing contexts for virtual host 'localhost'
Jun 29, 2015 8:54:25 AM org.apache.catalina.core.ApplicationContext log
INFO: Manager: list: Listing contexts for virtual host 'localhost'
Jun 29, 2015 8:54:25 AM org.apache.catalina.core.ApplicationContext log
INFO: Manager: undeploy: Undeploying web application at '/WebPractice'
Jun 29, 2015 8:54:26 AM org.apache.catalina.core.ApplicationContext log
INFO: Manager: install: Installing context configuration at 'file:/C:/Users/wilson.li/AppData/Local/Temp/context7343457606605090971.xml'
Jun 29, 2015 8:54:28 AM org.apache.catalina.core.ApplicationContext log
INFO: Manager: start: Starting web application '/WebPractice'
Jun 29, 2015 8:55:32 AM org.apache.catalina.core.ApplicationContext log
INFO: Manager: init: Associated with Deployer 'Catalina:type=Deployer,host=localhost'
Jun 29, 2015 8:55:32 AM org.apache.catalina.core.ApplicationContext log
INFO: Manager: init: Global resources are available
Jun 29, 2015 8:55:32 AM org.apache.catalina.core.ApplicationContext log
INFO: Manager: list: Listing contexts for virtual host 'localhost'
Jun 29, 2015 8:55:32 AM org.apache.catalina.core.ApplicationContext log
INFO: Manager: list: Listing contexts for virtual host 'localhost'
Jun 29, 2015 9:01:08 AM org.apache.catalina.core.ApplicationContext log
INFO: Manager: init: Associated with Deployer 'Catalina:type=Deployer,host=localhost'
Jun 29, 2015 9:01:08 AM org.apache.catalina.core.ApplicationContext log
INFO: Manager: init: Global resources are available
Jun 29, 2015 9:01:08 AM org.apache.catalina.core.ApplicationContext log
INFO: Manager: list: Listing contexts for virtual host 'localhost'
Jun 29, 2015 9:01:08 AM org.apache.catalina.core.ApplicationContext log
INFO: Manager: list: Listing contexts for virtual host 'localhost'
Jun 29, 2015 9:01:12 AM org.apache.catalina.core.ApplicationContext log
INFO: Manager: list: Listing contexts for virtual host 'localhost'
Jun 29, 2015 9:01:12 AM org.apache.catalina.core.ApplicationContext log
INFO: Manager: restart: Reloading web application '/WebPractice'
Jun 29, 2015 9:01:51 AM org.apache.catalina.core.ApplicationContext log
INFO: Manager: list: Listing contexts for virtual host 'localhost'
Jun 29, 2015 9:03:25 AM org.apache.catalina.core.ApplicationContext log
INFO: Manager: init: Associated with Deployer 'Catalina:type=Deployer,host=localhost'
Jun 29, 2015 9:03:25 AM org.apache.catalina.core.ApplicationContext log
INFO: Manager: init: Global resources are available
Jun 29, 2015 9:03:25 AM org.apache.catalina.core.ApplicationContext log
INFO: Manager: list: Listing contexts for virtual host 'localhost'
Jun 29, 2015 9:03:25 AM org.apache.catalina.core.ApplicationContext log
INFO: Manager: list: Listing contexts for virtual host 'localhost'
Jun 29, 2015 9:03:25 AM org.apache.catalina.core.ApplicationContext log
INFO: Manager: undeploy: Undeploying web application at '/WebPractice'
Jun 29, 2015 9:03:27 AM org.apache.catalina.core.ApplicationContext log
INFO: Manager: install: Installing context configuration at 'file:/C:/Users/wilson.li/AppData/Local/Temp/context2886345196482407889.xml'
Jun 29, 2015 9:03:28 AM org.apache.catalina.core.ApplicationContext log
INFO: Manager: start: Starting web application '/WebPractice'
Jun 29, 2015 9:33:56 AM org.apache.catalina.core.ApplicationContext log
INFO: Manager: init: Associated with Deployer 'Catalina:type=Deployer,host=localhost'
Jun 29, 2015 9:33:56 AM org.apache.catalina.core.ApplicationContext log
INFO: Manager: init: Global resources are available
Jun 29, 2015 9:33:56 AM org.apache.catalina.core.ApplicationContext log
INFO: Manager: list: Listing contexts for virtual host 'localhost'
Jun 29, 2015 9:33:56 AM org.apache.catalina.core.ApplicationContext log
INFO: Manager: list: Listing contexts for virtual host 'localhost'
Jun 29, 2015 9:33:57 AM org.apache.catalina.core.ApplicationContext log
INFO: Manager: undeploy: Undeploying web application at '/WebPractice'
Jun 29, 2015 9:33:58 AM org.apache.catalina.core.ApplicationContext log
INFO: Manager: install: Installing context configuration at 'file:/C:/Users/wilson.li/AppData/Local/Temp/context3040486703189854701.xml'
Jun 29, 2015 9:34:00 AM org.apache.catalina.core.ApplicationContext log
INFO: Manager: start: Starting web application '/WebPractice'
Jun 29, 2015 9:34:53 AM org.apache.catalina.core.ApplicationContext log
INFO: Manager: list: Listing contexts for virtual host 'localhost'
Jun 29, 2015 9:34:53 AM org.apache.catalina.core.ApplicationContext log
INFO: Manager: restart: Reloading web application '/WebPractice'
Jun 29, 2015 9:35:20 AM org.apache.catalina.core.ApplicationContext log
INFO: Manager: list: Listing contexts for virtual host 'localhost'
Jun 29, 2015 9:35:20 AM org.apache.catalina.core.ApplicationContext log
INFO: Manager: list: Listing contexts for virtual host 'localhost'
Jun 29, 2015 9:35:20 AM org.apache.catalina.core.ApplicationContext log
INFO: Manager: undeploy: Undeploying web application at '/WebPractice'
Jun 29, 2015 9:35:21 AM org.apache.catalina.core.ApplicationContext log
INFO: Manager: install: Installing context configuration at 'file:/C:/Users/wilson.li/AppData/Local/Temp/context1553252964719428018.xml'
Jun 29, 2015 9:35:22 AM org.apache.catalina.core.ApplicationContext log
INFO: Manager: start: Starting web application '/WebPractice'
Jun 29, 2015 9:39:48 AM org.apache.catalina.core.ApplicationContext log
INFO: Manager: list: Listing contexts for virtual host 'localhost'
Jun 29, 2015 9:39:48 AM org.apache.catalina.core.ApplicationContext log
INFO: Manager: restart: Reloading web application '/WebPractice'
Jun 29, 2015 9:40:06 AM org.apache.catalina.core.ApplicationContext log
INFO: Manager: list: Listing contexts for virtual host 'localhost'
Jun 29, 2015 9:40:06 AM org.apache.catalina.core.ApplicationContext log
INFO: Manager: list: Listing contexts for virtual host 'localhost'
Jun 29, 2015 9:40:07 AM org.apache.catalina.core.ApplicationContext log
INFO: Manager: restart: Reloading web application '/WebPractice'
Jun 29, 2015 9:43:16 AM org.apache.catalina.core.ApplicationContext log
INFO: Manager: list: Listing contexts for virtual host 'localhost'
Jun 29, 2015 9:43:16 AM org.apache.catalina.core.ApplicationContext log
INFO: Manager: restart: Reloading web application '/WebPractice'
Jun 29, 2015 9:44:34 AM org.apache.catalina.core.ApplicationContext log
INFO: Manager: list: Listing contexts for virtual host 'localhost'
Jun 29, 2015 9:44:34 AM org.apache.catalina.core.ApplicationContext log
INFO: Manager: restart: Reloading web application '/WebPractice'
Jun 29, 2015 9:44:50 AM org.apache.catalina.core.ApplicationContext log
INFO: Manager: list: Listing contexts for virtual host 'localhost'
Jun 29, 2015 9:44:50 AM org.apache.catalina.core.ApplicationContext log
INFO: Manager: restart: Reloading web application '/WebPractice'
Jun 29, 2015 9:45:05 AM org.apache.catalina.core.ApplicationContext log
INFO: Manager: list: Listing contexts for virtual host 'localhost'
Jun 29, 2015 9:45:05 AM org.apache.catalina.core.ApplicationContext log
INFO: Manager: restart: Reloading web application '/WebPractice'
Jun 29, 2015 9:45:14 AM org.apache.catalina.core.ApplicationContext log
INFO: Manager: list: Listing contexts for virtual host 'localhost'
Jun 29, 2015 9:45:14 AM org.apache.catalina.core.ApplicationContext log
INFO: Manager: restart: Reloading web application '/WebPractice'
Jun 29, 2015 10:05:06 AM org.apache.catalina.core.ApplicationContext log
INFO: Manager: list: Listing contexts for virtual host 'localhost'
Jun 29, 2015 10:05:06 AM org.apache.catalina.core.ApplicationContext log
INFO: Manager: restart: Reloading web application '/WebPractice'
Jun 29, 2015 10:05:11 AM org.apache.catalina.core.ApplicationContext log
INFO: Manager: list: Listing contexts for virtual host 'localhost'
Jun 29, 2015 10:05:11 AM org.apache.catalina.core.ApplicationContext log
INFO: Manager: restart: Reloading web application '/WebPractice'
Jun 29, 2015 10:05:58 AM org.apache.catalina.core.ApplicationContext log
INFO: Manager: list: Listing contexts for virtual host 'localhost'
Jun 29, 2015 10:05:58 AM org.apache.catalina.core.ApplicationContext log
INFO: Manager: list: Listing contexts for virtual host 'localhost'
Jun 29, 2015 10:05:58 AM org.apache.catalina.core.ApplicationContext log
INFO: Manager: restart: Reloading web application '/WebPractice'
Jun 29, 2015 10:06:25 AM org.apache.catalina.core.ApplicationContext log
INFO: Manager: list: Listing contexts for virtual host 'localhost'
Jun 29, 2015 10:06:25 AM org.apache.catalina.core.ApplicationContext log
INFO: Manager: restart: Reloading web application '/WebPractice'
Jun 29, 2015 10:06:29 AM org.apache.catalina.core.ApplicationContext log
INFO: Manager: list: Listing contexts for virtual host 'localhost'
Jun 29, 2015 10:06:29 AM org.apache.catalina.core.ApplicationContext log
INFO: Manager: restart: Reloading web application '/WebPractice'
Jun 29, 2015 10:09:23 AM org.apache.catalina.core.ApplicationContext log
INFO: Manager: init: Associated with Deployer 'Catalina:type=Deployer,host=localhost'
Jun 29, 2015 10:09:23 AM org.apache.catalina.core.ApplicationContext log
INFO: Manager: init: Global resources are available
Jun 29, 2015 10:09:23 AM org.apache.catalina.core.ApplicationContext log
INFO: Manager: list: Listing contexts for virtual host 'localhost'
Jun 29, 2015 10:09:23 AM org.apache.catalina.core.ApplicationContext log
INFO: Manager: list: Listing contexts for virtual host 'localhost'
Jun 29, 2015 10:09:23 AM org.apache.catalina.core.ApplicationContext log
INFO: Manager: undeploy: Undeploying web application at '/WebPractice'
Jun 29, 2015 10:09:24 AM org.apache.catalina.core.ApplicationContext log
INFO: Manager: install: Installing context configuration at 'file:/C:/Users/wilson.li/AppData/Local/Temp/context9002164465158604030.xml'
Jun 29, 2015 10:13:42 AM org.apache.catalina.core.ApplicationContext log
INFO: Manager: list: Listing contexts for virtual host 'localhost'
Jun 29, 2015 10:13:42 AM org.apache.catalina.core.ApplicationContext log
INFO: Manager: restart: Reloading web application '/WebPractice'
Jun 29, 2015 10:13:48 AM org.apache.catalina.core.ApplicationContext log
INFO: Manager: list: Listing contexts for virtual host 'localhost'
Jun 29, 2015 10:13:48 AM org.apache.catalina.core.ApplicationContext log
INFO: Manager: restart: Reloading web application '/WebPractice'
Jun 29, 2015 10:18:56 AM org.apache.catalina.core.ApplicationContext log
INFO: Manager: list: Listing contexts for virtual host 'localhost'
Jun 29, 2015 10:18:56 AM org.apache.catalina.core.ApplicationContext log
INFO: Manager: restart: Reloading web application '/WebPractice'
Jun 29, 2015 10:18:58 AM org.apache.catalina.core.ApplicationContext log
INFO: Manager: list: Listing contexts for virtual host 'localhost'
Jun 29, 2015 10:18:58 AM org.apache.catalina.core.ApplicationContext log
INFO: Manager: restart: Reloading web application '/WebPractice'
Jun 29, 2015 10:19:01 AM org.apache.catalina.core.ApplicationContext log
INFO: Manager: list: Listing contexts for virtual host 'localhost'
Jun 29, 2015 10:19:01 AM org.apache.catalina.core.ApplicationContext log
INFO: Manager: restart: Reloading web application '/WebPractice'
Jun 29, 2015 10:19:06 AM org.apache.catalina.core.ApplicationContext log
INFO: Manager: list: Listing contexts for virtual host 'localhost'
Jun 29, 2015 10:19:06 AM org.apache.catalina.core.ApplicationContext log
INFO: Manager: list: Listing contexts for virtual host 'localhost'
Jun 29, 2015 10:19:06 AM org.apache.catalina.core.ApplicationContext log
INFO: Manager: restart: Reloading web application '/WebPractice'
Jun 29, 2015 10:19:16 AM org.apache.catalina.core.ApplicationContext log
INFO: Manager: list: Listing contexts for virtual host 'localhost'
Jun 29, 2015 10:19:16 AM org.apache.catalina.core.ApplicationContext log
INFO: Manager: undeploy: Undeploying web application at '/WebPractice'
Jun 29, 2015 10:20:51 AM org.apache.catalina.core.ApplicationContext log
INFO: Manager: init: Associated with Deployer 'Catalina:type=Deployer,host=localhost'
Jun 29, 2015 10:20:51 AM org.apache.catalina.core.ApplicationContext log
INFO: Manager: init: Global resources are available
Jun 29, 2015 10:20:51 AM org.apache.catalina.core.ApplicationContext log
INFO: Manager: list: Listing contexts for virtual host 'localhost'
Jun 29, 2015 10:20:51 AM org.apache.catalina.core.ApplicationContext log
INFO: Manager: list: Listing contexts for virtual host 'localhost'
Jun 29, 2015 10:20:51 AM org.apache.catalina.core.ApplicationContext log
INFO: Manager: install: Installing context configuration at 'file:/C:/Users/wilson.li/AppData/Local/Temp/context583903592885355349.xml'
Jun 29, 2015 10:20:52 AM org.apache.catalina.core.ApplicationContext log
INFO: Manager: start: Starting web application '/WebPractice'
Jun 29, 2015 10:21:22 AM org.apache.catalina.core.ApplicationContext log
INFO: Manager: list: Listing contexts for virtual host 'localhost'
Jun 29, 2015 10:21:22 AM org.apache.catalina.core.ApplicationContext log
INFO: Manager: restart: Reloading web application '/WebPractice'
Jun 29, 2015 10:21:26 AM org.apache.catalina.core.ApplicationContext log
INFO: Manager: list: Listing contexts for virtual host 'localhost'
Jun 29, 2015 10:21:26 AM org.apache.catalina.core.ApplicationContext log
INFO: Manager: restart: Reloading web application '/WebPractice'
Jun 29, 2015 10:21:30 AM org.apache.catalina.core.ApplicationContext log
INFO: Manager: list: Listing contexts for virtual host 'localhost'
Jun 29, 2015 10:21:30 AM org.apache.catalina.core.ApplicationContext log
INFO: Manager: list: Listing contexts for virtual host 'localhost'
Jun 29, 2015 10:21:30 AM org.apache.catalina.core.ApplicationContext log
INFO: Manager: restart: Reloading web application '/WebPractice'
Jun 29, 2015 10:23:40 AM org.apache.catalina.core.ApplicationContext log
INFO: Manager: list: Listing contexts for virtual host 'localhost'
Jun 29, 2015 10:23:40 AM org.apache.catalina.core.ApplicationContext log
INFO: Manager: list: Listing contexts for virtual host 'localhost'
Jun 29, 2015 10:24:14 AM org.apache.catalina.core.ApplicationContext log
INFO: Manager: init: Associated with Deployer 'Catalina:type=Deployer,host=localhost'
Jun 29, 2015 10:24:14 AM org.apache.catalina.core.ApplicationContext log
INFO: Manager: init: Global resources are available
Jun 29, 2015 10:24:14 AM org.apache.catalina.core.ApplicationContext log
INFO: Manager: list: Listing contexts for virtual host 'localhost'
Jun 29, 2015 10:24:15 AM org.apache.catalina.core.ApplicationContext log
INFO: Manager: list: Listing contexts for virtual host 'localhost'
Jun 29, 2015 10:28:07 AM org.apache.catalina.core.ApplicationContext log
INFO: Manager: list: Listing contexts for virtual host 'localhost'
Jun 29, 2015 10:28:07 AM org.apache.catalina.core.ApplicationContext log
INFO: Manager: restart: Reloading web application '/WebPractice'
Jun 29, 2015 10:28:12 AM org.apache.catalina.core.ApplicationContext log
INFO: Manager: list: Listing contexts for virtual host 'localhost'
Jun 29, 2015 10:28:12 AM org.apache.catalina.core.ApplicationContext log
INFO: Manager: restart: Reloading web application '/WebPractice'
Jun 29, 2015 10:28:24 AM org.apache.catalina.core.ApplicationContext log
INFO: Manager: list: Listing contexts for virtual host 'localhost'
Jun 29, 2015 10:28:24 AM org.apache.catalina.core.ApplicationContext log
INFO: Manager: list: Listing contexts for virtual host 'localhost'
Jun 29, 2015 10:28:24 AM org.apache.catalina.core.ApplicationContext log
INFO: Manager: restart: Reloading web application '/WebPractice'
Jun 29, 2015 11:00:58 AM org.apache.catalina.core.ApplicationContext log
INFO: Manager: init: Associated with Deployer 'Catalina:type=Deployer,host=localhost'
Jun 29, 2015 11:00:58 AM org.apache.catalina.core.ApplicationContext log
INFO: Manager: init: Global resources are available
Jun 29, 2015 11:00:58 AM org.apache.catalina.core.ApplicationContext log
INFO: Manager: list: Listing contexts for virtual host 'localhost'
Jun 29, 2015 11:00:58 AM org.apache.catalina.core.ApplicationContext log
INFO: Manager: list: Listing contexts for virtual host 'localhost'
Jun 29, 2015 11:00:58 AM org.apache.catalina.core.ApplicationContext log
INFO: Manager: undeploy: Undeploying web application at '/WebPractice'
Jun 29, 2015 11:00:59 AM org.apache.catalina.core.ApplicationContext log
INFO: Manager: install: Installing context configuration at 'file:/C:/Users/wilson.li/AppData/Local/Temp/context479922304286868601.xml'
Jun 29, 2015 11:07:15 AM org.apache.catalina.core.ApplicationContext log
INFO: Manager: init: Associated with Deployer 'Catalina:type=Deployer,host=localhost'
Jun 29, 2015 11:07:15 AM org.apache.catalina.core.ApplicationContext log
INFO: Manager: init: Global resources are available
Jun 29, 2015 11:07:15 AM org.apache.catalina.core.ApplicationContext log
INFO: Manager: list: Listing contexts for virtual host 'localhost'
Jun 29, 2015 11:07:15 AM org.apache.catalina.core.ApplicationContext log
INFO: Manager: list: Listing contexts for virtual host 'localhost'
Jun 29, 2015 11:07:15 AM org.apache.catalina.core.ApplicationContext log
INFO: Manager: undeploy: Undeploying web application at '/WebPractice'
Jun 29, 2015 11:07:16 AM org.apache.catalina.core.ApplicationContext log
INFO: Manager: install: Installing context configuration at 'file:/C:/Users/wilson.li/AppData/Local/Temp/context5897115836310997305.xml'
Jun 29, 2015 11:07:17 AM org.apache.catalina.core.ApplicationContext log
INFO: Manager: start: Starting web application '/WebPractice'
Jun 29, 2015 11:11:34 AM org.apache.catalina.core.ApplicationContext log
INFO: Manager: list: Listing contexts for virtual host 'localhost'
Jun 29, 2015 11:11:34 AM org.apache.catalina.core.ApplicationContext log
INFO: Manager: restart: Reloading web application '/WebPractice'
Jun 29, 2015 11:11:41 AM org.apache.catalina.core.ApplicationContext log
INFO: Manager: list: Listing contexts for virtual host 'localhost'
Jun 29, 2015 11:11:41 AM org.apache.catalina.core.ApplicationContext log
INFO: Manager: list: Listing contexts for virtual host 'localhost'
Jun 29, 2015 11:11:41 AM org.apache.catalina.core.ApplicationContext log
INFO: Manager: restart: Reloading web application '/WebPractice'
Jun 29, 2015 11:12:18 AM org.apache.catalina.core.ApplicationContext log
INFO: Manager: list: Listing contexts for virtual host 'localhost'
Jun 29, 2015 11:12:18 AM org.apache.catalina.core.ApplicationContext log
INFO: Manager: undeploy: Undeploying web application at '/WebPractice'
Jun 29, 2015 11:20:27 AM org.apache.catalina.core.ApplicationContext log
INFO: Manager: list: Listing contexts for virtual host 'localhost'
Jun 29, 2015 11:20:27 AM org.apache.catalina.core.ApplicationContext log
INFO: Manager: list: Listing contexts for virtual host 'localhost'
Jun 29, 2015 11:20:27 AM org.apache.catalina.core.ApplicationContext log
INFO: Manager: install: Installing context configuration at 'file:/C:/Users/wilson.li/AppData/Local/Temp/context349539244955954886.xml'
Jun 29, 2015 11:20:28 AM org.apache.catalina.core.ApplicationContext log
INFO: Manager: start: Starting web application '/WebPractice'
Jun 29, 2015 11:22:16 AM org.apache.catalina.core.ApplicationContext log
INFO: Manager: list: Listing contexts for virtual host 'localhost'
Jun 29, 2015 11:22:16 AM org.apache.catalina.core.ApplicationContext log
INFO: Manager: list: Listing contexts for virtual host 'localhost'
Jun 29, 2015 11:22:16 AM org.apache.catalina.core.ApplicationContext log
INFO: Manager: undeploy: Undeploying web application at '/WebPractice'
Jun 29, 2015 11:22:17 AM org.apache.catalina.core.ApplicationContext log
INFO: Manager: install: Installing context configuration at 'file:/C:/Users/wilson.li/AppData/Local/Temp/context6213638684317370632.xml'
Jun 29, 2015 11:22:18 AM org.apache.catalina.core.ApplicationContext log
INFO: Manager: start: Starting web application '/WebPractice'
Jun 29, 2015 11:24:20 AM org.apache.catalina.core.ApplicationContext log
INFO: Manager: list: Listing contexts for virtual host 'localhost'
Jun 29, 2015 11:24:20 AM org.apache.catalina.core.ApplicationContext log
INFO: Manager: list: Listing contexts for virtual host 'localhost'
Jun 29, 2015 11:24:20 AM org.apache.catalina.core.ApplicationContext log
INFO: Manager: undeploy: Undeploying web application at '/WebPractice'
Jun 29, 2015 11:24:21 AM org.apache.catalina.core.ApplicationContext log
INFO: Manager: install: Installing context configuration at 'file:/C:/Users/wilson.li/AppData/Local/Temp/context4720714790123501912.xml'
Jun 29, 2015 11:24:22 AM org.apache.catalina.core.ApplicationContext log
INFO: Manager: start: Starting web application '/WebPractice'
Jun 29, 2015 3:43:15 PM org.apache.catalina.core.ApplicationContext log
INFO: Manager: init: Associated with Deployer 'Catalina:type=Deployer,host=localhost'
Jun 29, 2015 3:43:15 PM org.apache.catalina.core.ApplicationContext log
INFO: Manager: init: Global resources are available
Jun 29, 2015 3:43:15 PM org.apache.catalina.core.ApplicationContext log
INFO: Manager: list: Listing contexts for virtual host 'localhost'
Jun 29, 2015 3:43:15 PM org.apache.catalina.core.ApplicationContext log
INFO: Manager: undeploy: Undeploying web application at '/WebPractice'
Jun 29, 2015 3:43:16 PM org.apache.catalina.core.ApplicationContext log
INFO: Manager: install: Installing context configuration at 'file:/C:/Users/wilson.li/AppData/Local/Temp/context2903401646220341680.xml'
Jun 29, 2015 3:43:17 PM org.apache.catalina.core.ApplicationContext log
INFO: Manager: start: Starting web application '/WebPractice'
Jun 29, 2015 3:47:49 PM org.apache.catalina.core.ApplicationContext log
INFO: Manager: list: Listing contexts for virtual host 'localhost'
Jun 29, 2015 3:47:49 PM org.apache.catalina.core.ApplicationContext log
INFO: Manager: restart: Reloading web application '/WebPractice'
Jun 29, 2015 3:47:54 PM org.apache.catalina.core.ApplicationContext log
INFO: Manager: list: Listing contexts for virtual host 'localhost'
Jun 29, 2015 3:47:54 PM org.apache.catalina.core.ApplicationContext log
INFO: Manager: undeploy: Undeploying web application at '/WebPractice'
Jun 29, 2015 3:48:16 PM org.apache.catalina.core.ApplicationContext log
INFO: Manager: list: Listing contexts for virtual host 'localhost'
Jun 29, 2015 3:48:16 PM org.apache.catalina.core.ApplicationContext log
INFO: Manager: list: Listing contexts for virtual host 'localhost'
Jun 29, 2015 3:48:16 PM org.apache.catalina.core.ApplicationContext log
INFO: Manager: install: Installing context configuration at 'file:/C:/Users/wilson.li/AppData/Local/Temp/context5223783112556820292.xml'
Jun 29, 2015 3:48:17 PM org.apache.catalina.core.ApplicationContext log
INFO: Manager: start: Starting web application '/WebPractice'
Jun 29, 2015 3:49:32 PM org.apache.catalina.core.ApplicationContext log
INFO: Manager: list: Listing contexts for virtual host 'localhost'
Jun 29, 2015 3:49:32 PM org.apache.catalina.core.ApplicationContext log
INFO: Manager: undeploy: Undeploying web application at '/WebPractice'
Jun 29, 2015 3:50:05 PM org.apache.catalina.core.ApplicationContext log
INFO: Manager: list: Listing contexts for virtual host 'localhost'
Jun 29, 2015 3:50:21 PM org.apache.catalina.core.ApplicationContext log
INFO: Manager: list: Listing contexts for virtual host 'localhost'
Jun 29, 2015 3:50:21 PM org.apache.catalina.core.ApplicationContext log
INFO: Manager: list: Listing contexts for virtual host 'localhost'
Jun 29, 2015 3:50:21 PM org.apache.catalina.core.ApplicationContext log
INFO: Manager: install: Installing context configuration at 'file:/C:/Users/wilson.li/AppData/Local/Temp/context5987553391181834237.xml'
Jun 29, 2015 3:50:22 PM org.apache.catalina.core.ApplicationContext log
INFO: Manager: start: Starting web application '/WebPractice'
Jun 29, 2015 4:00:52 PM org.apache.catalina.core.ApplicationContext log
INFO: Manager: list: Listing contexts for virtual host 'localhost'
Jun 29, 2015 4:00:52 PM org.apache.catalina.core.ApplicationContext log
INFO: Manager: restart: Reloading web application '/WebPractice'
Jun 29, 2015 4:00:56 PM org.apache.catalina.core.ApplicationContext log
INFO: Manager: list: Listing contexts for virtual host 'localhost'
Jun 29, 2015 4:00:56 PM org.apache.catalina.core.ApplicationContext log
INFO: Manager: restart: Reloading web application '/WebPractice'
Jun 29, 2015 4:00:56 PM org.apache.catalina.core.ApplicationContext log
INFO: Manager: list: Listing contexts for virtual host 'localhost'
Jun 29, 2015 4:00:57 PM org.apache.catalina.core.ApplicationContext log
INFO: Manager: undeploy: Undeploying web application at '/WebPractice'
Jun 29, 2015 4:01:02 PM org.apache.catalina.core.ApplicationContext log
INFO: Manager: list: Listing contexts for virtual host 'localhost'
Jun 29, 2015 4:01:02 PM org.apache.catalina.core.ApplicationContext log
INFO: Manager: list: Listing contexts for virtual host 'localhost'
Jun 29, 2015 4:01:02 PM org.apache.catalina.core.ApplicationContext log
INFO: Manager: install: Installing context configuration at 'file:/C:/Users/wilson.li/AppData/Local/Temp/context1838072786538935697.xml'
Jun 29, 2015 4:01:03 PM org.apache.catalina.core.ApplicationContext log
INFO: Manager: start: Starting web application '/WebPractice'
Jun 29, 2015 4:03:06 PM org.apache.catalina.core.ApplicationContext log
INFO: Manager: list: Listing contexts for virtual host 'localhost'
Jun 29, 2015 4:03:06 PM org.apache.catalina.core.ApplicationContext log
INFO: Manager: restart: Reloading web application '/WebPractice'
Jun 29, 2015 4:03:13 PM org.apache.catalina.core.ApplicationContext log
INFO: Manager: list: Listing contexts for virtual host 'localhost'
Jun 29, 2015 4:03:13 PM org.apache.catalina.core.ApplicationContext log
INFO: Manager: list: Listing contexts for virtual host 'localhost'
Jun 29, 2015 4:03:13 PM org.apache.catalina.core.ApplicationContext log
INFO: Manager: restart: Reloading web application '/WebPractice'
Jun 29, 2015 4:31:40 PM org.apache.catalina.core.ApplicationContext log
INFO: Manager: list: Listing contexts for virtual host 'localhost'
Jun 29, 2015 4:31:40 PM org.apache.catalina.core.ApplicationContext log
INFO: Manager: list: Listing contexts for virtual host 'localhost'
