Jul 02, 2015 8:16:09 AM org.apache.catalina.core.ApplicationContext log
INFO: Manager: init: Associated with Deployer 'Catalina:type=Deployer,host=localhost'
Jul 02, 2015 8:16:09 AM org.apache.catalina.core.ApplicationContext log
INFO: Manager: init: Global resources are available
Jul 02, 2015 8:16:09 AM org.apache.catalina.core.ApplicationContext log
INFO: Manager: list: Listing contexts for virtual host 'localhost'
Jul 02, 2015 8:16:09 AM org.apache.catalina.core.ApplicationContext log
INFO: Manager: list: Listing contexts for virtual host 'localhost'
Jul 02, 2015 8:16:09 AM org.apache.catalina.core.ApplicationContext log
INFO: Manager: undeploy: Undeploying web application at '/WebPractice'
Jul 02, 2015 8:16:10 AM org.apache.catalina.core.ApplicationContext log
INFO: Manager: install: Installing context configuration at 'file:/C:/Users/wilson.li/AppData/Local/Temp/context3702330115938063429.xml'
Jul 02, 2015 8:16:44 AM org.apache.catalina.core.ApplicationContext log
INFO: Manager: list: Listing contexts for virtual host 'localhost'
Jul 02, 2015 8:16:44 AM org.apache.catalina.core.ApplicationContext log
INFO: Manager: restart: Reloading web application '/WebPractice'
Jul 02, 2015 8:17:25 AM org.apache.catalina.core.ApplicationContext log
INFO: Manager: list: Listing contexts for virtual host 'localhost'
Jul 02, 2015 8:17:25 AM org.apache.catalina.core.ApplicationContext log
INFO: Manager: restart: Reloading web application '/WebPractice'
Jul 02, 2015 8:17:30 AM org.apache.catalina.core.ApplicationContext log
INFO: Manager: list: Listing contexts for virtual host 'localhost'
Jul 02, 2015 8:17:30 AM org.apache.catalina.core.ApplicationContext log
INFO: Manager: restart: Reloading web application '/WebPractice'
Jul 02, 2015 8:19:08 AM org.apache.catalina.core.ApplicationContext log
INFO: Manager: init: Associated with Deployer 'Catalina:type=Deployer,host=localhost'
Jul 02, 2015 8:19:08 AM org.apache.catalina.core.ApplicationContext log
INFO: Manager: init: Global resources are available
Jul 02, 2015 8:19:08 AM org.apache.catalina.core.ApplicationContext log
INFO: Manager: list: Listing contexts for virtual host 'localhost'
Jul 02, 2015 8:19:08 AM org.apache.catalina.core.ApplicationContext log
INFO: Manager: list: Listing contexts for virtual host 'localhost'
Jul 02, 2015 8:19:08 AM org.apache.catalina.core.ApplicationContext log
INFO: Manager: undeploy: Undeploying web application at '/WebPractice'
Jul 02, 2015 8:19:09 AM org.apache.catalina.core.ApplicationContext log
INFO: Manager: install: Installing context configuration at 'file:/C:/Users/wilson.li/AppData/Local/Temp/context248074842345943731.xml'
Jul 02, 2015 8:19:10 AM org.apache.catalina.core.ApplicationContext log
INFO: Manager: start: Starting web application '/WebPractice'
Jul 02, 2015 8:24:06 AM org.apache.catalina.core.ApplicationContext log
INFO: Manager: list: Listing contexts for virtual host 'localhost'
Jul 02, 2015 8:24:06 AM org.apache.catalina.core.ApplicationContext log
INFO: Manager: list: Listing contexts for virtual host 'localhost'
Jul 02, 2015 8:24:06 AM org.apache.catalina.core.ApplicationContext log
INFO: Manager: install: Installing context configuration at 'file:/C:/Users/wilson.li/AppData/Local/Temp/context5930042837258860811.xml'
Jul 02, 2015 8:24:17 AM org.apache.catalina.core.ApplicationContext log
INFO: Manager: start: Starting web application '/WebApplication2'
Jul 02, 2015 8:26:28 AM org.apache.catalina.core.ApplicationContext log
INFO: Manager: list: Listing contexts for virtual host 'localhost'
Jul 02, 2015 8:26:28 AM org.apache.catalina.core.ApplicationContext log
INFO: Manager: list: Listing contexts for virtual host 'localhost'
Jul 02, 2015 8:29:07 AM org.apache.catalina.core.ApplicationContext log
INFO: Manager: list: Listing contexts for virtual host 'localhost'
Jul 02, 2015 8:29:07 AM org.apache.catalina.core.ApplicationContext log
INFO: Manager: stop: Stopping web application '/WebApplication2'
Jul 02, 2015 8:29:09 AM org.apache.catalina.core.ApplicationContext log
INFO: Manager: start: Starting web application '/WebApplication2'
Jul 02, 2015 8:29:19 AM org.apache.catalina.core.ApplicationContext log
INFO: Manager: list: Listing contexts for virtual host 'localhost'
Jul 02, 2015 8:29:19 AM org.apache.catalina.core.ApplicationContext log
INFO: Manager: restart: Reloading web application '/WebApplication2'
Jul 02, 2015 8:29:29 AM org.apache.catalina.core.ApplicationContext log
INFO: Manager: list: Listing contexts for virtual host 'localhost'
Jul 02, 2015 8:29:29 AM org.apache.catalina.core.ApplicationContext log
INFO: Manager: undeploy: Undeploying web application at '/WebApplication2'
Jul 02, 2015 8:34:00 AM org.apache.catalina.core.ApplicationContext log
INFO: Manager: list: Listing contexts for virtual host 'localhost'
Jul 02, 2015 8:34:00 AM org.apache.catalina.core.ApplicationContext log
INFO: Manager: list: Listing contexts for virtual host 'localhost'
Jul 02, 2015 8:34:00 AM org.apache.catalina.core.ApplicationContext log
INFO: Manager: install: Installing context configuration at 'file:/C:/Users/wilson.li/AppData/Local/Temp/context7851784377603434410.xml'
Jul 02, 2015 8:34:01 AM org.apache.catalina.core.ApplicationContext log
INFO: Manager: start: Starting web application '/SakilaJavaWeb'
Jul 02, 2015 8:47:26 AM org.apache.catalina.core.ApplicationContext log
INFO: Manager: list: Listing contexts for virtual host 'localhost'
Jul 02, 2015 8:47:26 AM org.apache.catalina.core.ApplicationContext log
INFO: Manager: restart: Reloading web application '/SakilaJavaWeb'
Jul 02, 2015 8:47:28 AM org.apache.catalina.core.ApplicationContext log
INFO: Manager: list: Listing contexts for virtual host 'localhost'
Jul 02, 2015 8:47:28 AM org.apache.catalina.core.ApplicationContext log
INFO: Manager: restart: Reloading web application '/SakilaJavaWeb'
Jul 02, 2015 8:47:35 AM org.apache.catalina.core.ApplicationContext log
INFO: Manager: list: Listing contexts for virtual host 'localhost'
Jul 02, 2015 8:47:35 AM org.apache.catalina.core.ApplicationContext log
INFO: Manager: restart: Reloading web application '/SakilaJavaWeb'
Jul 02, 2015 8:47:37 AM org.apache.catalina.core.ApplicationContext log
INFO: Manager: list: Listing contexts for virtual host 'localhost'
Jul 02, 2015 8:47:37 AM org.apache.catalina.core.ApplicationContext log
INFO: Manager: restart: Reloading web application '/SakilaJavaWeb'
Jul 02, 2015 8:47:52 AM org.apache.catalina.core.ApplicationContext log
INFO: Manager: list: Listing contexts for virtual host 'localhost'
Jul 02, 2015 8:47:52 AM org.apache.catalina.core.ApplicationContext log
INFO: Manager: restart: Reloading web application '/SakilaJavaWeb'
Jul 02, 2015 8:48:00 AM org.apache.catalina.core.ApplicationContext log
INFO: Manager: list: Listing contexts for virtual host 'localhost'
Jul 02, 2015 8:48:00 AM org.apache.catalina.core.ApplicationContext log
INFO: Manager: restart: Reloading web application '/SakilaJavaWeb'
Jul 02, 2015 8:48:02 AM org.apache.catalina.core.ApplicationContext log
INFO: Manager: list: Listing contexts for virtual host 'localhost'
Jul 02, 2015 8:48:02 AM org.apache.catalina.core.ApplicationContext log
INFO: Manager: restart: Reloading web application '/SakilaJavaWeb'
Jul 02, 2015 8:48:12 AM org.apache.catalina.core.ApplicationContext log
INFO: Manager: list: Listing contexts for virtual host 'localhost'
Jul 02, 2015 8:48:12 AM org.apache.catalina.core.ApplicationContext log
INFO: Manager: restart: Reloading web application '/SakilaJavaWeb'
Jul 02, 2015 8:48:30 AM org.apache.catalina.core.ApplicationContext log
INFO: Manager: list: Listing contexts for virtual host 'localhost'
Jul 02, 2015 8:48:30 AM org.apache.catalina.core.ApplicationContext log
INFO: Manager: restart: Reloading web application '/SakilaJavaWeb'
Jul 02, 2015 8:48:32 AM org.apache.catalina.core.ApplicationContext log
INFO: Manager: list: Listing contexts for virtual host 'localhost'
Jul 02, 2015 8:48:32 AM org.apache.catalina.core.ApplicationContext log
INFO: Manager: restart: Reloading web application '/SakilaJavaWeb'
Jul 02, 2015 8:49:13 AM org.apache.catalina.core.ApplicationContext log
INFO: Manager: list: Listing contexts for virtual host 'localhost'
Jul 02, 2015 8:49:13 AM org.apache.catalina.core.ApplicationContext log
INFO: Manager: restart: Reloading web application '/SakilaJavaWeb'
Jul 02, 2015 8:49:56 AM org.apache.catalina.core.ApplicationContext log
INFO: Manager: list: Listing contexts for virtual host 'localhost'
Jul 02, 2015 8:49:56 AM org.apache.catalina.core.ApplicationContext log
INFO: Manager: restart: Reloading web application '/SakilaJavaWeb'
Jul 02, 2015 8:49:58 AM org.apache.catalina.core.ApplicationContext log
INFO: Manager: list: Listing contexts for virtual host 'localhost'
Jul 02, 2015 8:49:58 AM org.apache.catalina.core.ApplicationContext log
INFO: Manager: restart: Reloading web application '/SakilaJavaWeb'
Jul 02, 2015 8:50:00 AM org.apache.catalina.core.ApplicationContext log
INFO: Manager: list: Listing contexts for virtual host 'localhost'
Jul 02, 2015 8:50:00 AM org.apache.catalina.core.ApplicationContext log
INFO: Manager: restart: Reloading web application '/SakilaJavaWeb'
Jul 02, 2015 8:52:12 AM org.apache.catalina.core.ApplicationContext log
INFO: Manager: list: Listing contexts for virtual host 'localhost'
Jul 02, 2015 8:52:12 AM org.apache.catalina.core.ApplicationContext log
INFO: Manager: restart: Reloading web application '/SakilaJavaWeb'
Jul 02, 2015 8:52:40 AM org.apache.catalina.core.ApplicationContext log
INFO: Manager: list: Listing contexts for virtual host 'localhost'
Jul 02, 2015 8:52:40 AM org.apache.catalina.core.ApplicationContext log
INFO: Manager: restart: Reloading web application '/SakilaJavaWeb'
Jul 02, 2015 8:52:40 AM org.apache.catalina.core.ApplicationContext log
SEVERE: Manager: ManagerServlet.reload[/SakilaJavaWeb]
java.lang.IllegalStateException: Context with name [/SakilaJavaWeb] has not yet been started
	at org.apache.catalina.core.StandardContext.reload(StandardContext.java:3989)
	at org.apache.catalina.manager.ManagerServlet.reload(ManagerServlet.java:982)
	at org.apache.catalina.manager.ManagerServlet.doGet(ManagerServlet.java:378)
	at javax.servlet.http.HttpServlet.service(HttpServlet.java:620)
	at javax.servlet.http.HttpServlet.service(HttpServlet.java:727)
	at org.apache.catalina.core.ApplicationFilterChain.internalDoFilter(ApplicationFilterChain.java:303)
	at org.apache.catalina.core.ApplicationFilterChain.doFilter(ApplicationFilterChain.java:208)
	at org.apache.tomcat.websocket.server.WsFilter.doFilter(WsFilter.java:52)
	at org.apache.catalina.core.ApplicationFilterChain.internalDoFilter(ApplicationFilterChain.java:241)
	at org.apache.catalina.core.ApplicationFilterChain.doFilter(ApplicationFilterChain.java:208)
	at org.apache.catalina.filters.SetCharacterEncodingFilter.doFilter(SetCharacterEncodingFilter.java:108)
	at org.apache.catalina.core.ApplicationFilterChain.internalDoFilter(ApplicationFilterChain.java:241)
	at org.apache.catalina.core.ApplicationFilterChain.doFilter(ApplicationFilterChain.java:208)
	at org.apache.catalina.core.StandardWrapperValve.invoke(StandardWrapperValve.java:220)
	at org.apache.catalina.core.StandardContextValve.invoke(StandardContextValve.java:122)
	at org.apache.tomee.catalina.OpenEJBValve.invoke(OpenEJBValve.java:44)
	at org.apache.catalina.authenticator.AuthenticatorBase.invoke(AuthenticatorBase.java:610)
	at org.apache.catalina.core.StandardHostValve.invoke(StandardHostValve.java:171)
	at org.apache.catalina.valves.ErrorReportValve.invoke(ErrorReportValve.java:103)
	at org.apache.catalina.valves.AccessLogValve.invoke(AccessLogValve.java:950)
	at org.apache.catalina.core.StandardEngineValve.invoke(StandardEngineValve.java:116)
	at org.apache.catalina.connector.CoyoteAdapter.service(CoyoteAdapter.java:408)
	at org.apache.coyote.http11.AbstractHttp11Processor.process(AbstractHttp11Processor.java:1070)
	at org.apache.coyote.AbstractProtocol$AbstractConnectionHandler.process(AbstractProtocol.java:611)
	at org.apache.tomcat.util.net.JIoEndpoint$SocketProcessor.run(JIoEndpoint.java:316)
	at java.util.concurrent.ThreadPoolExecutor.runWorker(ThreadPoolExecutor.java:1142)
	at java.util.concurrent.ThreadPoolExecutor$Worker.run(ThreadPoolExecutor.java:617)
	at org.apache.tomcat.util.threads.TaskThread$WrappingRunnable.run(TaskThread.java:61)
	at java.lang.Thread.run(Thread.java:745)

Jul 02, 2015 8:53:33 AM org.apache.catalina.core.ApplicationContext log
INFO: Manager: list: Listing contexts for virtual host 'localhost'
Jul 02, 2015 8:53:33 AM org.apache.catalina.core.ApplicationContext log
INFO: Manager: list: Listing contexts for virtual host 'localhost'
Jul 02, 2015 8:53:34 AM org.apache.catalina.core.ApplicationContext log
INFO: Manager: undeploy: Undeploying web application at '/SakilaJavaWeb'
Jul 02, 2015 8:53:34 AM org.apache.catalina.core.ApplicationContext log
INFO: Manager: install: Installing context configuration at 'file:/C:/Users/wilson.li/AppData/Local/Temp/context3991133909447770196.xml'
Jul 02, 2015 8:53:39 AM org.apache.catalina.core.ApplicationContext log
INFO: Manager: list: Listing contexts for virtual host 'localhost'
Jul 02, 2015 8:53:39 AM org.apache.catalina.core.ApplicationContext log
INFO: Manager: list: Listing contexts for virtual host 'localhost'
Jul 02, 2015 8:53:39 AM org.apache.catalina.core.ApplicationContext log
INFO: Manager: install: Installing context configuration at 'file:/C:/Users/wilson.li/AppData/Local/Temp/context8838767621646035798.xml'
Jul 02, 2015 8:54:22 AM org.apache.catalina.core.ApplicationContext log
INFO: Manager: list: Listing contexts for virtual host 'localhost'
Jul 02, 2015 8:54:22 AM org.apache.catalina.core.ApplicationContext log
INFO: Manager: list: Listing contexts for virtual host 'localhost'
Jul 02, 2015 8:54:22 AM org.apache.catalina.core.ApplicationContext log
INFO: Manager: undeploy: Undeploying web application at '/SakilaJavaWeb'
Jul 02, 2015 8:54:22 AM org.apache.catalina.core.ApplicationContext log
INFO: Manager: install: Installing context configuration at 'file:/C:/Users/wilson.li/AppData/Local/Temp/context2673003354976974737.xml'
Jul 02, 2015 8:54:33 AM org.apache.catalina.core.ApplicationContext log
INFO: Manager: list: Listing contexts for virtual host 'localhost'
Jul 02, 2015 8:54:33 AM org.apache.catalina.core.ApplicationContext log
INFO: Manager: list: Listing contexts for virtual host 'localhost'
Jul 02, 2015 8:54:33 AM org.apache.catalina.core.ApplicationContext log
INFO: Manager: undeploy: Undeploying web application at '/SakilaJavaWeb'
Jul 02, 2015 8:54:33 AM org.apache.catalina.core.ApplicationContext log
INFO: Manager: install: Installing context configuration at 'file:/C:/Users/wilson.li/AppData/Local/Temp/context4985808200221199500.xml'
Jul 02, 2015 8:56:55 AM org.apache.catalina.core.ApplicationContext log
INFO: Manager: list: Listing contexts for virtual host 'localhost'
Jul 02, 2015 8:56:56 AM org.apache.catalina.core.ApplicationContext log
INFO: Manager: list: Listing contexts for virtual host 'localhost'
Jul 02, 2015 8:56:56 AM org.apache.catalina.core.ApplicationContext log
INFO: Manager: undeploy: Undeploying web application at '/SakilaJavaWeb'
Jul 02, 2015 8:56:56 AM org.apache.catalina.core.ApplicationContext log
INFO: Manager: install: Installing context configuration at 'file:/C:/Users/wilson.li/AppData/Local/Temp/context5347893714718618301.xml'
Jul 02, 2015 8:57:56 AM org.apache.catalina.core.ApplicationContext log
INFO: Manager: list: Listing contexts for virtual host 'localhost'
Jul 02, 2015 8:57:56 AM org.apache.catalina.core.ApplicationContext log
INFO: Manager: list: Listing contexts for virtual host 'localhost'
Jul 02, 2015 8:57:56 AM org.apache.catalina.core.ApplicationContext log
INFO: Manager: install: Installing context configuration at 'file:/C:/Users/wilson.li/AppData/Local/Temp/context4167992677840048722.xml'
Jul 02, 2015 8:58:17 AM org.apache.catalina.core.ApplicationContext log
INFO: Manager: list: Listing contexts for virtual host 'localhost'
Jul 02, 2015 8:58:17 AM org.apache.catalina.core.ApplicationContext log
INFO: Manager: list: Listing contexts for virtual host 'localhost'
Jul 02, 2015 8:58:17 AM org.apache.catalina.core.ApplicationContext log
INFO: Manager: install: Installing context configuration at 'file:/C:/Users/wilson.li/AppData/Local/Temp/context9074112124741453229.xml'
Jul 02, 2015 8:59:20 AM org.apache.catalina.core.ApplicationContext log
INFO: Manager: list: Listing contexts for virtual host 'localhost'
Jul 02, 2015 8:59:20 AM org.apache.catalina.core.ApplicationContext log
INFO: Manager: list: Listing contexts for virtual host 'localhost'
Jul 02, 2015 8:59:20 AM org.apache.catalina.core.ApplicationContext log
INFO: Manager: install: Installing context configuration at 'file:/C:/Users/wilson.li/AppData/Local/Temp/context2754034837514120511.xml'
Jul 02, 2015 8:59:37 AM org.apache.catalina.core.ApplicationContext log
INFO: Manager: list: Listing contexts for virtual host 'localhost'
Jul 02, 2015 8:59:37 AM org.apache.catalina.core.ApplicationContext log
INFO: Manager: list: Listing contexts for virtual host 'localhost'
Jul 02, 2015 8:59:37 AM org.apache.catalina.core.ApplicationContext log
INFO: Manager: install: Installing context configuration at 'file:/C:/Users/wilson.li/AppData/Local/Temp/context8938032116923547837.xml'
Jul 02, 2015 8:59:38 AM org.apache.catalina.core.ApplicationContext log
INFO: Manager: list: Listing contexts for virtual host 'localhost'
Jul 02, 2015 8:59:38 AM org.apache.catalina.core.ApplicationContext log
INFO: Manager: list: Listing contexts for virtual host 'localhost'
Jul 02, 2015 8:59:38 AM org.apache.catalina.core.ApplicationContext log
INFO: Manager: install: Installing context configuration at 'file:/C:/Users/wilson.li/AppData/Local/Temp/context1315289517137227292.xml'
Jul 02, 2015 9:00:18 AM org.apache.catalina.core.ApplicationContext log
INFO: Manager: list: Listing contexts for virtual host 'localhost'
Jul 02, 2015 9:00:18 AM org.apache.catalina.core.ApplicationContext log
INFO: Manager: list: Listing contexts for virtual host 'localhost'
Jul 02, 2015 9:00:18 AM org.apache.catalina.core.ApplicationContext log
INFO: Manager: install: Installing context configuration at 'file:/C:/Users/wilson.li/AppData/Local/Temp/context7292730919674563637.xml'
Jul 02, 2015 9:00:35 AM org.apache.catalina.core.ApplicationContext log
INFO: Manager: list: Listing contexts for virtual host 'localhost'
Jul 02, 2015 9:00:35 AM org.apache.catalina.core.ApplicationContext log
INFO: Manager: list: Listing contexts for virtual host 'localhost'
Jul 02, 2015 9:00:35 AM org.apache.catalina.core.ApplicationContext log
INFO: Manager: install: Installing context configuration at 'file:/C:/Users/wilson.li/AppData/Local/Temp/context419893709444137166.xml'
Jul 02, 2015 9:00:46 AM org.apache.catalina.core.ApplicationContext log
INFO: Manager: list: Listing contexts for virtual host 'localhost'
Jul 02, 2015 9:00:46 AM org.apache.catalina.core.ApplicationContext log
INFO: Manager: list: Listing contexts for virtual host 'localhost'
Jul 02, 2015 9:00:46 AM org.apache.catalina.core.ApplicationContext log
INFO: Manager: install: Installing context configuration at 'file:/C:/Users/wilson.li/AppData/Local/Temp/context2205888783719078016.xml'
Jul 02, 2015 9:02:23 AM org.apache.catalina.core.ApplicationContext log
INFO: Manager: list: Listing contexts for virtual host 'localhost'
Jul 02, 2015 9:02:23 AM org.apache.catalina.core.ApplicationContext log
INFO: Manager: list: Listing contexts for virtual host 'localhost'
Jul 02, 2015 9:02:23 AM org.apache.catalina.core.ApplicationContext log
INFO: Manager: install: Installing context configuration at 'file:/C:/Users/wilson.li/AppData/Local/Temp/context7324482325741629122.xml'
Jul 02, 2015 9:02:59 AM org.apache.catalina.core.ApplicationContext log
INFO: Manager: list: Listing contexts for virtual host 'localhost'
Jul 02, 2015 9:02:59 AM org.apache.catalina.core.ApplicationContext log
INFO: Manager: list: Listing contexts for virtual host 'localhost'
Jul 02, 2015 9:02:59 AM org.apache.catalina.core.ApplicationContext log
INFO: Manager: install: Installing context configuration at 'file:/C:/Users/wilson.li/AppData/Local/Temp/context4512926112879171231.xml'
Jul 02, 2015 9:16:39 AM org.apache.catalina.core.ApplicationContext log
INFO: Manager: list: Listing contexts for virtual host 'localhost'
Jul 02, 2015 9:16:39 AM org.apache.catalina.core.ApplicationContext log
INFO: Manager: list: Listing contexts for virtual host 'localhost'
Jul 02, 2015 9:16:39 AM org.apache.catalina.core.ApplicationContext log
INFO: Manager: install: Installing context configuration at 'file:/C:/Users/wilson.li/AppData/Local/Temp/context4343977986140024057.xml'
Jul 02, 2015 9:17:22 AM org.apache.catalina.core.ApplicationContext log
INFO: Manager: list: Listing contexts for virtual host 'localhost'
Jul 02, 2015 9:17:22 AM org.apache.catalina.core.ApplicationContext log
INFO: Manager: list: Listing contexts for virtual host 'localhost'
Jul 02, 2015 9:17:22 AM org.apache.catalina.core.ApplicationContext log
INFO: Manager: install: Installing context configuration at 'file:/C:/Users/wilson.li/AppData/Local/Temp/context3416419992486897651.xml'
Jul 02, 2015 9:18:50 AM org.apache.catalina.core.ApplicationContext log
INFO: Manager: list: Listing contexts for virtual host 'localhost'
Jul 02, 2015 9:18:50 AM org.apache.catalina.core.ApplicationContext log
INFO: Manager: list: Listing contexts for virtual host 'localhost'
Jul 02, 2015 9:18:50 AM org.apache.catalina.core.ApplicationContext log
INFO: Manager: install: Installing context configuration at 'file:/C:/Users/wilson.li/AppData/Local/Temp/context8574445736055224284.xml'
Jul 02, 2015 9:19:45 AM org.apache.catalina.core.ApplicationContext log
INFO: Manager: list: Listing contexts for virtual host 'localhost'
Jul 02, 2015 9:19:45 AM org.apache.catalina.core.ApplicationContext log
INFO: Manager: list: Listing contexts for virtual host 'localhost'
Jul 02, 2015 9:19:45 AM org.apache.catalina.core.ApplicationContext log
INFO: Manager: install: Installing context configuration at 'file:/C:/Users/wilson.li/AppData/Local/Temp/context7086202973539185014.xml'
Jul 02, 2015 9:20:09 AM org.apache.catalina.core.ApplicationContext log
INFO: Manager: list: Listing contexts for virtual host 'localhost'
Jul 02, 2015 9:20:09 AM org.apache.catalina.core.ApplicationContext log
INFO: Manager: list: Listing contexts for virtual host 'localhost'
Jul 02, 2015 9:20:09 AM org.apache.catalina.core.ApplicationContext log
INFO: Manager: install: Installing context configuration at 'file:/C:/Users/wilson.li/AppData/Local/Temp/context6780959124048543078.xml'
Jul 02, 2015 9:20:15 AM org.apache.catalina.core.ApplicationContext log
INFO: Manager: list: Listing contexts for virtual host 'localhost'
Jul 02, 2015 9:20:15 AM org.apache.catalina.core.ApplicationContext log
INFO: Manager: restart: Reloading web application '/WebPractice'
Jul 02, 2015 9:20:16 AM org.apache.catalina.core.ApplicationContext log
INFO: Manager: list: Listing contexts for virtual host 'localhost'
Jul 02, 2015 9:20:16 AM org.apache.catalina.core.ApplicationContext log
INFO: Manager: list: Listing contexts for virtual host 'localhost'
Jul 02, 2015 9:20:16 AM org.apache.catalina.core.ApplicationContext log
INFO: Manager: install: Installing context configuration at 'file:/C:/Users/wilson.li/AppData/Local/Temp/context6283494830348244560.xml'
Jul 02, 2015 9:20:39 AM org.apache.catalina.core.ApplicationContext log
INFO: Manager: list: Listing contexts for virtual host 'localhost'
Jul 02, 2015 9:29:04 AM org.apache.catalina.core.ApplicationContext log
INFO: Manager: init: Associated with Deployer 'Catalina:type=Deployer,host=localhost'
Jul 02, 2015 9:29:04 AM org.apache.catalina.core.ApplicationContext log
INFO: Manager: init: Global resources are available
Jul 02, 2015 9:29:04 AM org.apache.catalina.core.ApplicationContext log
INFO: Manager: list: Listing contexts for virtual host 'localhost'
Jul 02, 2015 9:29:04 AM org.apache.catalina.core.ApplicationContext log
INFO: Manager: list: Listing contexts for virtual host 'localhost'
Jul 02, 2015 9:29:04 AM org.apache.catalina.core.ApplicationContext log
INFO: Manager: undeploy: Undeploying web application at '/SakilaJavaWeb'
Jul 02, 2015 9:29:06 AM org.apache.catalina.core.ApplicationContext log
INFO: Manager: install: Installing context configuration at 'file:/C:/Users/wilson.li/AppData/Local/Temp/context4244846760811612823.xml'
Jul 02, 2015 9:29:24 AM org.apache.catalina.core.ApplicationContext log
INFO: Manager: list: Listing contexts for virtual host 'localhost'
Jul 02, 2015 9:29:24 AM org.apache.catalina.core.ApplicationContext log
INFO: Manager: list: Listing contexts for virtual host 'localhost'
Jul 02, 2015 9:29:27 AM org.apache.catalina.core.ApplicationContext log
INFO: Manager: start: Starting web application '/SakilaJavaWeb'
Jul 02, 2015 9:29:27 AM org.apache.catalina.core.ApplicationContext log
SEVERE: FAIL - Application at context path /SakilaJavaWeb could not be started
org.apache.catalina.LifecycleException: Failed to start component [StandardEngine[Catalina].StandardHost[localhost].StandardContext[/SakilaJavaWeb]]
	at org.apache.catalina.util.LifecycleBase.start(LifecycleBase.java:154)
	at org.apache.catalina.manager.ManagerServlet.start(ManagerServlet.java:1291)
	at org.apache.catalina.manager.ManagerServlet.doGet(ManagerServlet.java:390)
	at javax.servlet.http.HttpServlet.service(HttpServlet.java:620)
	at javax.servlet.http.HttpServlet.service(HttpServlet.java:727)
	at org.apache.catalina.core.ApplicationFilterChain.internalDoFilter(ApplicationFilterChain.java:303)
	at org.apache.catalina.core.ApplicationFilterChain.doFilter(ApplicationFilterChain.java:208)
	at org.apache.tomcat.websocket.server.WsFilter.doFilter(WsFilter.java:52)
	at org.apache.catalina.core.ApplicationFilterChain.internalDoFilter(ApplicationFilterChain.java:241)
	at org.apache.catalina.core.ApplicationFilterChain.doFilter(ApplicationFilterChain.java:208)
	at org.apache.catalina.filters.SetCharacterEncodingFilter.doFilter(SetCharacterEncodingFilter.java:108)
	at org.apache.catalina.core.ApplicationFilterChain.internalDoFilter(ApplicationFilterChain.java:241)
	at org.apache.catalina.core.ApplicationFilterChain.doFilter(ApplicationFilterChain.java:208)
	at org.apache.catalina.core.StandardWrapperValve.invoke(StandardWrapperValve.java:220)
	at org.apache.catalina.core.StandardContextValve.invoke(StandardContextValve.java:122)
	at org.apache.tomee.catalina.OpenEJBValve.invoke(OpenEJBValve.java:44)
	at org.apache.catalina.authenticator.AuthenticatorBase.invoke(AuthenticatorBase.java:610)
	at org.apache.catalina.core.StandardHostValve.invoke(StandardHostValve.java:171)
	at org.apache.catalina.valves.ErrorReportValve.invoke(ErrorReportValve.java:103)
	at org.apache.catalina.valves.AccessLogValve.invoke(AccessLogValve.java:950)
	at org.apache.catalina.core.StandardEngineValve.invoke(StandardEngineValve.java:116)
	at org.apache.catalina.connector.CoyoteAdapter.service(CoyoteAdapter.java:408)
	at org.apache.coyote.http11.AbstractHttp11Processor.process(AbstractHttp11Processor.java:1070)
	at org.apache.coyote.AbstractProtocol$AbstractConnectionHandler.process(AbstractProtocol.java:611)
	at org.apache.tomcat.util.net.JIoEndpoint$SocketProcessor.run(JIoEndpoint.java:316)
	at java.util.concurrent.ThreadPoolExecutor.runWorker(ThreadPoolExecutor.java:1142)
	at java.util.concurrent.ThreadPoolExecutor$Worker.run(ThreadPoolExecutor.java:617)
	at org.apache.tomcat.util.threads.TaskThread$WrappingRunnable.run(TaskThread.java:61)
	at java.lang.Thread.run(Thread.java:745)
Caused by: org.apache.tomee.catalina.TomEERuntimeException: org.apache.openejb.DuplicateDeploymentIdException: Application cannot be deployed as it contains deployment-ids which are in use: app: C:\Users\wilson.li\Documents\NetBeansProjects\SakilaJavaWeb\build\web
    Practice
	at org.apache.tomee.catalina.TomcatWebAppBuilder.startInternal(TomcatWebAppBuilder.java:1257)
	at org.apache.tomee.catalina.TomcatWebAppBuilder.configureStart(TomcatWebAppBuilder.java:1087)
	at org.apache.tomee.catalina.GlobalListenerSupport.lifecycleEvent(GlobalListenerSupport.java:130)
	at org.apache.catalina.util.LifecycleSupport.fireLifecycleEvent(LifecycleSupport.java:117)
	at org.apache.catalina.util.LifecycleBase.fireLifecycleEvent(LifecycleBase.java:90)
	at org.apache.catalina.core.StandardContext.startInternal(StandardContext.java:5378)
	at org.apache.catalina.util.LifecycleBase.start(LifecycleBase.java:150)
	... 28 more
Caused by: org.apache.openejb.DuplicateDeploymentIdException: Application cannot be deployed as it contains deployment-ids which are in use: app: C:\Users\wilson.li\Documents\NetBeansProjects\SakilaJavaWeb\build\web
    Practice
	at org.apache.openejb.assembler.classic.Assembler.createApplication(Assembler.java:663)
	at org.apache.openejb.assembler.classic.Assembler.createApplication(Assembler.java:623)
	at org.apache.tomee.catalina.TomcatWebAppBuilder.startInternal(TomcatWebAppBuilder.java:1248)
	... 34 more

Jul 02, 2015 9:32:52 AM org.apache.catalina.core.ApplicationContext log
INFO: Manager: init: Associated with Deployer 'Catalina:type=Deployer,host=localhost'
Jul 02, 2015 9:32:52 AM org.apache.catalina.core.ApplicationContext log
INFO: Manager: init: Global resources are available
Jul 02, 2015 9:32:52 AM org.apache.catalina.core.ApplicationContext log
INFO: Manager: list: Listing contexts for virtual host 'localhost'
Jul 02, 2015 9:32:52 AM org.apache.catalina.core.ApplicationContext log
INFO: Manager: list: Listing contexts for virtual host 'localhost'
Jul 02, 2015 9:32:52 AM org.apache.catalina.core.ApplicationContext log
INFO: Manager: install: Installing context configuration at 'file:/C:/Users/wilson.li/AppData/Local/Temp/context2663908925774864783.xml'
Jul 02, 2015 9:32:59 AM org.apache.catalina.core.ApplicationContext log
INFO: Manager: list: Listing contexts for virtual host 'localhost'
Jul 02, 2015 9:32:59 AM org.apache.catalina.core.ApplicationContext log
INFO: Manager: list: Listing contexts for virtual host 'localhost'
Jul 02, 2015 9:33:27 AM org.apache.catalina.core.ApplicationContext log
INFO: Manager: list: Listing contexts for virtual host 'localhost'
Jul 02, 2015 9:33:27 AM org.apache.catalina.core.ApplicationContext log
INFO: Manager: list: Listing contexts for virtual host 'localhost'
Jul 02, 2015 9:33:27 AM org.apache.catalina.core.ApplicationContext log
INFO: Manager: restart: Reloading web application '/WebPractice'
Jul 02, 2015 9:33:38 AM org.apache.catalina.core.ApplicationContext log
INFO: Manager: list: Listing contexts for virtual host 'localhost'
Jul 02, 2015 9:33:38 AM org.apache.catalina.core.ApplicationContext log
INFO: Manager: undeploy: Undeploying web application at '/WebPractice'
Jul 02, 2015 9:42:08 AM org.apache.catalina.core.ApplicationContext log
INFO: Manager: list: Listing contexts for virtual host 'localhost'
Jul 02, 2015 9:42:08 AM org.apache.catalina.core.ApplicationContext log
INFO: Manager: list: Listing contexts for virtual host 'localhost'
Jul 02, 2015 9:42:12 AM org.apache.catalina.core.ApplicationContext log
INFO: Manager: undeploy: Undeploying web application at '/SakilaJavaWeb'
Jul 02, 2015 9:42:13 AM org.apache.catalina.core.ApplicationContext log
INFO: Manager: list: Listing contexts for virtual host 'localhost'
Jul 02, 2015 9:42:13 AM org.apache.catalina.core.ApplicationContext log
INFO: Manager: list: Listing contexts for virtual host 'localhost'
Jul 02, 2015 9:42:17 AM org.apache.catalina.core.ApplicationContext log
INFO: Manager: undeploy: Undeploying web application at '/PracticeWeb'
Jul 02, 2015 9:42:18 AM org.apache.catalina.core.ApplicationContext log
INFO: Manager: list: Listing contexts for virtual host 'localhost'
Jul 02, 2015 9:42:18 AM org.apache.catalina.core.ApplicationContext log
INFO: Manager: list: Listing contexts for virtual host 'localhost'
Jul 02, 2015 9:42:25 AM org.apache.catalina.core.ApplicationContext log
INFO: Manager: list: Listing contexts for virtual host 'localhost'
Jul 02, 2015 3:59:59 PM org.apache.catalina.core.ApplicationContext log
INFO: Manager: init: Associated with Deployer 'Catalina:type=Deployer,host=localhost'
Jul 02, 2015 3:59:59 PM org.apache.catalina.core.ApplicationContext log
INFO: Manager: init: Global resources are available
Jul 02, 2015 3:59:59 PM org.apache.catalina.core.ApplicationContext log
INFO: Manager: list: Listing contexts for virtual host 'localhost'
Jul 02, 2015 3:59:59 PM org.apache.catalina.core.ApplicationContext log
INFO: Manager: list: Listing contexts for virtual host 'localhost'
Jul 02, 2015 3:59:59 PM org.apache.catalina.core.ApplicationContext log
INFO: Manager: install: Installing context configuration at 'file:/C:/Users/wilson.li/AppData/Local/Temp/context1017127736278528763.xml'
Jul 02, 2015 4:00:01 PM org.apache.catalina.core.ApplicationContext log
INFO: Manager: start: Starting web application '/WebPractice'
Jul 02, 2015 4:00:20 PM org.apache.catalina.core.ApplicationContext log
INFO: Manager: list: Listing contexts for virtual host 'localhost'
Jul 02, 2015 4:00:20 PM org.apache.catalina.core.ApplicationContext log
INFO: Manager: restart: Reloading web application '/WebPractice'
Jul 02, 2015 4:00:23 PM org.apache.catalina.core.ApplicationContext log
INFO: Manager: list: Listing contexts for virtual host 'localhost'
Jul 02, 2015 4:00:23 PM org.apache.catalina.core.ApplicationContext log
INFO: Manager: list: Listing contexts for virtual host 'localhost'
Jul 02, 2015 4:00:23 PM org.apache.catalina.core.ApplicationContext log
INFO: Manager: restart: Reloading web application '/WebPractice'
Jul 02, 2015 4:00:42 PM org.apache.catalina.core.ApplicationContext log
INFO: Manager: list: Listing contexts for virtual host 'localhost'
Jul 02, 2015 4:00:42 PM org.apache.catalina.core.ApplicationContext log
INFO: Manager: restart: Reloading web application '/WebPractice'
Jul 02, 2015 4:00:44 PM org.apache.catalina.core.ApplicationContext log
INFO: Manager: list: Listing contexts for virtual host 'localhost'
Jul 02, 2015 4:00:44 PM org.apache.catalina.core.ApplicationContext log
INFO: Manager: restart: Reloading web application '/WebPractice'
Jul 02, 2015 4:04:29 PM org.apache.catalina.core.ApplicationContext log
INFO: Manager: list: Listing contexts for virtual host 'localhost'
Jul 02, 2015 4:04:29 PM org.apache.catalina.core.ApplicationContext log
INFO: Manager: list: Listing contexts for virtual host 'localhost'
Jul 02, 2015 4:04:55 PM org.apache.catalina.core.ApplicationContext log
INFO: Manager: list: Listing contexts for virtual host 'localhost'
Jul 02, 2015 4:04:55 PM org.apache.catalina.core.ApplicationContext log
INFO: Manager: list: Listing contexts for virtual host 'localhost'
Jul 02, 2015 4:04:55 PM org.apache.catalina.core.ApplicationContext log
INFO: Manager: install: Installing context configuration at 'file:/C:/Users/wilson.li/AppData/Local/Temp/context1810441090857156270.xml'
