Jun 18, 2015 2:18:22 PM org.apache.catalina.core.ApplicationContext log
INFO: Manager: init: Associated with Deployer 'Catalina:type=Deployer,host=localhost'
Jun 18, 2015 2:18:22 PM org.apache.catalina.core.ApplicationContext log
INFO: Manager: init: Global resources are available
Jun 18, 2015 2:18:22 PM org.apache.catalina.core.ApplicationContext log
INFO: Manager: list: Listing contexts for virtual host 'localhost'
Jun 18, 2015 2:18:22 PM org.apache.catalina.core.ApplicationContext log
INFO: Manager: list: Listing contexts for virtual host 'localhost'
Jun 18, 2015 2:18:22 PM org.apache.catalina.core.ApplicationContext log
INFO: Manager: stop: Stopping web application '/WebPractice'
Jun 18, 2015 2:18:22 PM org.apache.catalina.core.ApplicationContext log
INFO: Manager: start: Starting web application '/WebPractice'
Jun 18, 2015 2:19:56 PM org.apache.catalina.core.ApplicationContext log
INFO: Manager: list: Listing contexts for virtual host 'localhost'
Jun 18, 2015 2:19:56 PM org.apache.catalina.core.ApplicationContext log
INFO: Manager: restart: Reloading web application '/WebPractice'
Jun 18, 2015 2:19:57 PM org.apache.catalina.core.ApplicationContext log
INFO: Manager: list: Listing contexts for virtual host 'localhost'
Jun 18, 2015 2:19:57 PM org.apache.catalina.core.ApplicationContext log
INFO: Manager: restart: Reloading web application '/WebPractice'
Jun 18, 2015 2:21:38 PM org.apache.catalina.core.ApplicationContext log
INFO: Manager: list: Listing contexts for virtual host 'localhost'
Jun 18, 2015 2:21:52 PM org.apache.catalina.core.ApplicationContext log
INFO: Manager: list: Listing contexts for virtual host 'localhost'
Jun 18, 2015 2:21:52 PM org.apache.catalina.core.ApplicationContext log
INFO: Manager: stop: Stopping web application '/WebPractice'
Jun 18, 2015 2:21:52 PM org.apache.catalina.core.ApplicationContext log
INFO: Manager: start: Starting web application '/WebPractice'
Jun 18, 2015 2:21:56 PM org.apache.catalina.core.ApplicationContext log
INFO: Manager: list: Listing contexts for virtual host 'localhost'
Jun 18, 2015 2:21:56 PM org.apache.catalina.core.ApplicationContext log
INFO: Manager: list: Listing contexts for virtual host 'localhost'
Jun 18, 2015 2:21:56 PM org.apache.catalina.core.ApplicationContext log
INFO: Manager: stop: Stopping web application '/WebPractice'
Jun 18, 2015 2:21:57 PM org.apache.catalina.core.ApplicationContext log
INFO: Manager: start: Starting web application '/WebPractice'
Jun 18, 2015 2:22:09 PM org.apache.catalina.core.ApplicationContext log
INFO: Manager: list: Listing contexts for virtual host 'localhost'
Jun 18, 2015 2:22:16 PM org.apache.catalina.core.ApplicationContext log
INFO: Manager: list: Listing contexts for virtual host 'localhost'
Jun 18, 2015 2:22:33 PM org.apache.catalina.core.ApplicationContext log
INFO: Manager: list: Listing contexts for virtual host 'localhost'
Jun 18, 2015 2:24:01 PM org.apache.catalina.core.ApplicationContext log
INFO: Manager: list: Listing contexts for virtual host 'localhost'
Jun 18, 2015 2:24:10 PM org.apache.catalina.core.ApplicationContext log
INFO: Manager: list: Listing contexts for virtual host 'localhost'
Jun 18, 2015 2:24:10 PM org.apache.catalina.core.ApplicationContext log
INFO: Manager: list: Listing contexts for virtual host 'localhost'
Jun 18, 2015 2:24:27 PM org.apache.catalina.core.ApplicationContext log
INFO: Manager: list: Listing contexts for virtual host 'localhost'
Jun 18, 2015 2:24:39 PM org.apache.catalina.core.ApplicationContext log
INFO: Manager: list: Listing contexts for virtual host 'localhost'
Jun 18, 2015 2:24:50 PM org.apache.catalina.core.ApplicationContext log
INFO: Manager: list: Listing contexts for virtual host 'localhost'
Jun 18, 2015 2:24:58 PM org.apache.catalina.core.ApplicationContext log
INFO: Manager: list: Listing contexts for virtual host 'localhost'
Jun 18, 2015 2:24:58 PM org.apache.catalina.core.ApplicationContext log
INFO: Manager: list: Listing contexts for virtual host 'localhost'
Jun 18, 2015 2:25:18 PM org.apache.catalina.core.ApplicationContext log
INFO: Manager: list: Listing contexts for virtual host 'localhost'
Jun 18, 2015 2:26:05 PM org.apache.catalina.core.ApplicationContext log
INFO: Manager: init: Associated with Deployer 'Catalina:type=Deployer,host=localhost'
Jun 18, 2015 2:26:05 PM org.apache.catalina.core.ApplicationContext log
INFO: Manager: init: Global resources are available
Jun 18, 2015 2:26:05 PM org.apache.catalina.core.ApplicationContext log
INFO: Manager: list: Listing contexts for virtual host 'localhost'
Jun 18, 2015 2:26:05 PM org.apache.catalina.core.ApplicationContext log
INFO: Manager: list: Listing contexts for virtual host 'localhost'
Jun 18, 2015 2:26:20 PM org.apache.catalina.core.ApplicationContext log
INFO: Manager: list: Listing contexts for virtual host 'localhost'
Jun 18, 2015 2:26:58 PM org.apache.catalina.core.ApplicationContext log
INFO: Manager: list: Listing contexts for virtual host 'localhost'
Jun 18, 2015 2:27:04 PM org.apache.catalina.core.ApplicationContext log
INFO: Manager: list: Listing contexts for virtual host 'localhost'
Jun 18, 2015 2:27:04 PM org.apache.catalina.core.ApplicationContext log
INFO: Manager: list: Listing contexts for virtual host 'localhost'
Jun 18, 2015 2:28:26 PM org.apache.catalina.core.ApplicationContext log
INFO: Manager: list: Listing contexts for virtual host 'localhost'
Jun 18, 2015 2:28:33 PM org.apache.catalina.core.ApplicationContext log
INFO: Manager: list: Listing contexts for virtual host 'localhost'
Jun 18, 2015 2:28:33 PM org.apache.catalina.core.ApplicationContext log
INFO: Manager: stop: Stopping web application '/WebPractice'
Jun 18, 2015 2:28:33 PM org.apache.catalina.core.ApplicationContext log
INFO: Manager: start: Starting web application '/WebPractice'
Jun 18, 2015 2:28:35 PM org.apache.catalina.core.ApplicationContext log
INFO: Manager: list: Listing contexts for virtual host 'localhost'
Jun 18, 2015 2:28:35 PM org.apache.catalina.core.ApplicationContext log
INFO: Manager: list: Listing contexts for virtual host 'localhost'
Jun 18, 2015 2:28:35 PM org.apache.catalina.core.ApplicationContext log
INFO: Manager: stop: Stopping web application '/WebPractice'
Jun 18, 2015 2:28:36 PM org.apache.catalina.core.ApplicationContext log
INFO: Manager: start: Starting web application '/WebPractice'
Jun 18, 2015 2:29:00 PM org.apache.catalina.core.ApplicationContext log
INFO: Manager: list: Listing contexts for virtual host 'localhost'
Jun 18, 2015 2:29:07 PM org.apache.catalina.core.ApplicationContext log
INFO: Manager: list: Listing contexts for virtual host 'localhost'
Jun 18, 2015 2:29:07 PM org.apache.catalina.core.ApplicationContext log
INFO: Manager: stop: Stopping web application '/WebPractice'
Jun 18, 2015 2:29:07 PM org.apache.catalina.core.ApplicationContext log
INFO: Manager: start: Starting web application '/WebPractice'
Jun 18, 2015 2:29:23 PM org.apache.catalina.core.ApplicationContext log
INFO: Manager: list: Listing contexts for virtual host 'localhost'
Jun 18, 2015 2:29:23 PM org.apache.catalina.core.ApplicationContext log
INFO: Manager: stop: Stopping web application '/WebPractice'
Jun 18, 2015 2:29:23 PM org.apache.catalina.core.ApplicationContext log
INFO: Manager: start: Starting web application '/WebPractice'
Jun 18, 2015 2:29:37 PM org.apache.catalina.core.ApplicationContext log
INFO: Manager: list: Listing contexts for virtual host 'localhost'
Jun 18, 2015 2:29:37 PM org.apache.catalina.core.ApplicationContext log
INFO: Manager: list: Listing contexts for virtual host 'localhost'
Jun 18, 2015 2:29:37 PM org.apache.catalina.core.ApplicationContext log
INFO: Manager: stop: Stopping web application '/WebPractice'
Jun 18, 2015 2:29:38 PM org.apache.catalina.core.ApplicationContext log
INFO: Manager: start: Starting web application '/WebPractice'
Jun 18, 2015 2:29:59 PM org.apache.catalina.core.ApplicationContext log
INFO: Manager: list: Listing contexts for virtual host 'localhost'
Jun 18, 2015 2:30:09 PM org.apache.catalina.core.ApplicationContext log
INFO: Manager: list: Listing contexts for virtual host 'localhost'
Jun 18, 2015 2:30:09 PM org.apache.catalina.core.ApplicationContext log
INFO: Manager: list: Listing contexts for virtual host 'localhost'
Jun 18, 2015 2:32:25 PM org.apache.catalina.core.ApplicationContext log
INFO: Manager: list: Listing contexts for virtual host 'localhost'
Jun 18, 2015 2:32:25 PM org.apache.catalina.core.ApplicationContext log
INFO: Manager: list: Listing contexts for virtual host 'localhost'
Jun 18, 2015 2:32:25 PM org.apache.catalina.core.ApplicationContext log
INFO: Manager: install: Installing context configuration at 'file:/C:/Users/wilson.li/AppData/Local/Temp/context8345818319451552753.xml'
Jun 18, 2015 2:32:25 PM org.apache.catalina.core.ApplicationContext log
INFO: Manager: start: Starting web application '/WebApplication1'
Jun 18, 2015 2:32:40 PM org.apache.catalina.core.ApplicationContext log
INFO: Manager: list: Listing contexts for virtual host 'localhost'
Jun 18, 2015 2:32:43 PM org.apache.catalina.core.ApplicationContext log
INFO: Manager: list: Listing contexts for virtual host 'localhost'
Jun 18, 2015 2:32:43 PM org.apache.catalina.core.ApplicationContext log
INFO: Manager: list: Listing contexts for virtual host 'localhost'
Jun 18, 2015 2:32:57 PM org.apache.catalina.core.ApplicationContext log
INFO: Manager: list: Listing contexts for virtual host 'localhost'
Jun 18, 2015 2:32:57 PM org.apache.catalina.core.ApplicationContext log
INFO: Manager: list: Listing contexts for virtual host 'localhost'
Jun 18, 2015 2:42:23 PM org.apache.catalina.core.ApplicationContext log
INFO: Manager: init: Associated with Deployer 'Catalina:type=Deployer,host=localhost'
Jun 18, 2015 2:42:23 PM org.apache.catalina.core.ApplicationContext log
INFO: Manager: init: Global resources are available
Jun 18, 2015 2:42:23 PM org.apache.catalina.core.ApplicationContext log
INFO: Manager: list: Listing contexts for virtual host 'localhost'
Jun 18, 2015 2:42:23 PM org.apache.catalina.core.ApplicationContext log
INFO: Manager: list: Listing contexts for virtual host 'localhost'
Jun 18, 2015 2:43:30 PM org.apache.catalina.core.ApplicationContext log
INFO: Manager: list: Listing contexts for virtual host 'localhost'
Jun 18, 2015 2:43:31 PM org.apache.catalina.core.ApplicationContext log
INFO: Manager: list: Listing contexts for virtual host 'localhost'
Jun 18, 2015 2:43:31 PM org.apache.catalina.core.ApplicationContext log
INFO: Manager: list: Listing contexts for virtual host 'localhost'
Jun 18, 2015 2:44:32 PM org.apache.catalina.core.ApplicationContext log
INFO: Manager: list: Listing contexts for virtual host 'localhost'
Jun 18, 2015 2:44:32 PM org.apache.catalina.core.ApplicationContext log
INFO: Manager: list: Listing contexts for virtual host 'localhost'
Jun 18, 2015 2:45:22 PM org.apache.catalina.core.ApplicationContext log
INFO: Manager: list: Listing contexts for virtual host 'localhost'
Jun 18, 2015 2:45:30 PM org.apache.catalina.core.ApplicationContext log
INFO: Manager: list: Listing contexts for virtual host 'localhost'
Jun 18, 2015 2:45:48 PM org.apache.catalina.core.ApplicationContext log
INFO: Manager: list: Listing contexts for virtual host 'localhost'
Jun 18, 2015 2:45:48 PM org.apache.catalina.core.ApplicationContext log
INFO: Manager: list: Listing contexts for virtual host 'localhost'
Jun 18, 2015 2:46:00 PM org.apache.catalina.core.ApplicationContext log
INFO: Manager: list: Listing contexts for virtual host 'localhost'
Jun 18, 2015 2:46:18 PM org.apache.catalina.core.ApplicationContext log
INFO: Manager: list: Listing contexts for virtual host 'localhost'
Jun 18, 2015 2:46:20 PM org.apache.catalina.core.ApplicationContext log
INFO: Manager: list: Listing contexts for virtual host 'localhost'
Jun 18, 2015 2:46:20 PM org.apache.catalina.core.ApplicationContext log
INFO: Manager: list: Listing contexts for virtual host 'localhost'
Jun 18, 2015 2:47:13 PM org.apache.catalina.core.ApplicationContext log
INFO: Manager: list: Listing contexts for virtual host 'localhost'
Jun 18, 2015 2:47:13 PM org.apache.catalina.core.ApplicationContext log
INFO: Manager: list: Listing contexts for virtual host 'localhost'
Jun 18, 2015 2:47:13 PM org.apache.catalina.core.ApplicationContext log
INFO: Manager: list: Listing contexts for virtual host 'localhost'
Jun 18, 2015 2:47:13 PM org.apache.catalina.core.ApplicationContext log
INFO: Manager: list: Listing contexts for virtual host 'localhost'
Jun 18, 2015 2:56:16 PM org.apache.catalina.core.ApplicationContext log
INFO: Manager: init: Associated with Deployer 'Catalina:type=Deployer,host=localhost'
Jun 18, 2015 2:56:16 PM org.apache.catalina.core.ApplicationContext log
INFO: Manager: init: Global resources are available
Jun 18, 2015 2:56:16 PM org.apache.catalina.core.ApplicationContext log
INFO: Manager: list: Listing contexts for virtual host 'localhost'
Jun 18, 2015 2:56:16 PM org.apache.catalina.core.ApplicationContext log
INFO: Manager: list: Listing contexts for virtual host 'localhost'
Jun 18, 2015 2:56:36 PM org.apache.catalina.core.ApplicationContext log
INFO: Manager: list: Listing contexts for virtual host 'localhost'
Jun 18, 2015 2:56:36 PM org.apache.catalina.core.ApplicationContext log
INFO: Manager: list: Listing contexts for virtual host 'localhost'
Jun 18, 2015 2:57:14 PM org.apache.catalina.core.ApplicationContext log
INFO: Manager: list: Listing contexts for virtual host 'localhost'
Jun 18, 2015 2:57:20 PM org.apache.catalina.core.ApplicationContext log
INFO: Manager: list: Listing contexts for virtual host 'localhost'
Jun 18, 2015 2:57:37 PM org.apache.catalina.core.ApplicationContext log
INFO: Manager: list: Listing contexts for virtual host 'localhost'
Jun 18, 2015 2:57:37 PM org.apache.catalina.core.ApplicationContext log
INFO: Manager: list: Listing contexts for virtual host 'localhost'
Jun 18, 2015 2:57:41 PM org.apache.catalina.core.ApplicationContext log
INFO: Manager: list: Listing contexts for virtual host 'localhost'
Jun 18, 2015 2:57:46 PM org.apache.catalina.core.ApplicationContext log
INFO: Manager: list: Listing contexts for virtual host 'localhost'
Jun 18, 2015 2:57:46 PM org.apache.catalina.core.ApplicationContext log
INFO: Manager: list: Listing contexts for virtual host 'localhost'
Jun 18, 2015 2:58:08 PM org.apache.catalina.core.ApplicationContext log
INFO: Manager: list: Listing contexts for virtual host 'localhost'
Jun 18, 2015 2:58:08 PM org.apache.catalina.core.ApplicationContext log
INFO: Manager: list: Listing contexts for virtual host 'localhost'
Jun 18, 2015 2:58:29 PM org.apache.catalina.core.ApplicationContext log
INFO: Manager: list: Listing contexts for virtual host 'localhost'
Jun 18, 2015 2:59:34 PM org.apache.catalina.core.ApplicationContext log
INFO: Manager: list: Listing contexts for virtual host 'localhost'
Jun 18, 2015 3:00:24 PM org.apache.catalina.core.ApplicationContext log
INFO: Manager: list: Listing contexts for virtual host 'localhost'
Jun 18, 2015 3:00:26 PM org.apache.catalina.core.ApplicationContext log
INFO: Manager: list: Listing contexts for virtual host 'localhost'
Jun 18, 2015 3:00:26 PM org.apache.catalina.core.ApplicationContext log
INFO: Manager: list: Listing contexts for virtual host 'localhost'
Jun 18, 2015 3:01:19 PM org.apache.catalina.core.ApplicationContext log
INFO: Manager: list: Listing contexts for virtual host 'localhost'
Jun 18, 2015 3:01:21 PM org.apache.catalina.core.ApplicationContext log
INFO: Manager: list: Listing contexts for virtual host 'localhost'
Jun 18, 2015 3:01:21 PM org.apache.catalina.core.ApplicationContext log
INFO: Manager: list: Listing contexts for virtual host 'localhost'
Jun 18, 2015 3:02:27 PM org.apache.catalina.core.ApplicationContext log
INFO: Manager: list: Listing contexts for virtual host 'localhost'
Jun 18, 2015 3:02:28 PM org.apache.catalina.core.ApplicationContext log
INFO: Manager: list: Listing contexts for virtual host 'localhost'
Jun 18, 2015 3:02:45 PM org.apache.catalina.core.ApplicationContext log
INFO: Manager: list: Listing contexts for virtual host 'localhost'
Jun 18, 2015 3:03:41 PM org.apache.catalina.core.ApplicationContext log
INFO: Manager: list: Listing contexts for virtual host 'localhost'
Jun 18, 2015 3:04:00 PM org.apache.catalina.core.ApplicationContext log
INFO: Manager: list: Listing contexts for virtual host 'localhost'
Jun 18, 2015 3:04:13 PM org.apache.catalina.core.ApplicationContext log
INFO: Manager: list: Listing contexts for virtual host 'localhost'
Jun 18, 2015 3:04:43 PM org.apache.catalina.core.ApplicationContext log
INFO: Manager: list: Listing contexts for virtual host 'localhost'
Jun 18, 2015 3:04:43 PM org.apache.catalina.core.ApplicationContext log
INFO: Manager: undeploy: Undeploying web application at '/WebApplication1'
Jun 18, 2015 3:07:03 PM org.apache.catalina.core.ApplicationContext log
INFO: Manager: list: Listing contexts for virtual host 'localhost'
